<?xml version="1.0" encoding="UTF-8"?>
<coverage generated="1779586665112" clover="3.2.0">
  <project timestamp="1779586665112" name="All files">
    <metrics statements="590" coveredstatements="429" conditionals="258" coveredconditionals="153" methods="69" coveredmethods="53" elements="917" coveredelements="635" complexity="0" loc="590" ncloc="590" packages="4" files="12" classes="12"/>
    <package name="config">
      <metrics statements="33" coveredstatements="24" conditionals="10" coveredconditionals="5" methods="2" coveredmethods="1"/>
      <file name="constants.ts" path="C:\Users\melvi\Desktop\Programation_project\Application_Nyama-Express\djossfood\apps\api\src\config\constants.ts">
        <metrics statements="12" coveredstatements="12" conditionals="2" coveredconditionals="2" methods="0" coveredmethods="0"/>
        <line num="1" count="5" type="cond" truecount="2" falsecount="0"/>
        <line num="2" count="5" type="stmt"/>
        <line num="3" count="5" type="stmt"/>
        <line num="4" count="5" type="stmt"/>
        <line num="5" count="5" type="stmt"/>
        <line num="6" count="5" type="stmt"/>
        <line num="7" count="5" type="stmt"/>
        <line num="8" count="5" type="stmt"/>
        <line num="9" count="5" type="stmt"/>
        <line num="10" count="5" type="stmt"/>
        <line num="11" count="5" type="stmt"/>
        <line num="12" count="5" type="stmt"/>
      </file>
      <file name="supabase.ts" path="C:\Users\melvi\Desktop\Programation_project\Application_Nyama-Express\djossfood\apps\api\src\config\supabase.ts">
        <metrics statements="21" coveredstatements="12" conditionals="8" coveredconditionals="3" methods="2" coveredmethods="1"/>
        <line num="1" count="5" type="stmt"/>
        <line num="2" count="5" type="stmt"/>
        <line num="3" count="5" type="stmt"/>
        <line num="5" count="5" type="stmt"/>
        <line num="7" count="5" type="stmt"/>
        <line num="8" count="2" type="cond" truecount="1" falsecount="0"/>
        <line num="9" count="1" type="stmt"/>
        <line num="10" count="1" type="stmt"/>
        <line num="11" count="1" type="cond" truecount="2" falsecount="1"/>
        <line num="12" count="0" type="stmt"/>
        <line num="14" count="1" type="stmt"/>
        <line num="18" count="2" type="stmt"/>
        <line num="21" count="5" type="stmt"/>
        <line num="22" count="0" type="stmt"/>
        <line num="23" count="0" type="stmt"/>
        <line num="24" count="0" type="cond" truecount="0" falsecount="3"/>
        <line num="25" count="0" type="stmt"/>
        <line num="27" count="0" type="stmt"/>
        <line num="28" count="0" type="cond" truecount="0" falsecount="1"/>
        <line num="29" count="0" type="stmt"/>
        <line num="31" count="0" type="stmt"/>
      </file>
    </package>
    <package name="middleware">
      <metrics statements="39" coveredstatements="38" conditionals="16" coveredconditionals="14" methods="4" coveredmethods="3"/>
      <file name="ownership.ts" path="C:\Users\melvi\Desktop\Programation_project\Application_Nyama-Express\djossfood\apps\api\src\middleware\ownership.ts">
        <metrics statements="21" coveredstatements="21" conditionals="9" coveredconditionals="9" methods="1" coveredmethods="1"/>
        <line num="3" count="1" type="stmt"/>
        <line num="5" count="1" type="stmt"/>
        <line num="10" count="8" type="stmt"/>
        <line num="11" count="8" type="stmt"/>
        <line num="12" count="8" type="stmt"/>
        <line num="14" count="8" type="cond" truecount="1" falsecount="0"/>
        <line num="15" count="1" type="stmt"/>
        <line num="18" count="7" type="stmt"/>
        <line num="19" count="7" type="stmt"/>
        <line num="25" count="7" type="cond" truecount="3" falsecount="0"/>
        <line num="26" count="1" type="stmt"/>
        <line num="29" count="6" type="stmt"/>
        <line num="30" count="6" type="stmt"/>
        <line num="32" count="6" type="stmt"/>
        <line num="33" count="6" type="cond" truecount="1" falsecount="0"/>
        <line num="34" count="6" type="stmt"/>
        <line num="39" count="6" type="stmt"/>
        <line num="42" count="6" type="cond" truecount="4" falsecount="0"/>
        <line num="43" count="3" type="stmt"/>
        <line num="46" count="3" type="stmt"/>
        <line num="47" count="3" type="stmt"/>
      </file>
      <file name="rateLimit.ts" path="C:\Users\melvi\Desktop\Programation_project\Application_Nyama-Express\djossfood\apps\api\src\middleware\rateLimit.ts">
        <metrics statements="18" coveredstatements="17" conditionals="7" coveredconditionals="5" methods="3" coveredmethods="2"/>
        <line num="2" count="2" type="stmt"/>
        <line num="4" count="2" type="cond" truecount="2" falsecount="0"/>
        <line num="6" count="2" type="stmt"/>
        <line num="7" count="0" type="stmt"/>
        <line num="16" count="2" type="stmt"/>
        <line num="17" count="6" type="stmt"/>
        <line num="18" count="15" type="cond" truecount="1" falsecount="2"/>
        <line num="19" count="15" type="stmt"/>
        <line num="20" count="15" type="stmt"/>
        <line num="21" count="15" type="stmt"/>
        <line num="22" count="14" type="cond" truecount="1" falsecount="0"/>
        <line num="23" count="5" type="stmt"/>
        <line num="25" count="14" type="cond" truecount="1" falsecount="0"/>
        <line num="26" count="3" type="stmt"/>
        <line num="27" count="3" type="stmt"/>
        <line num="29" count="11" type="stmt"/>
        <line num="32" count="1" type="stmt"/>
        <line num="33" count="1" type="stmt"/>
      </file>
    </package>
    <package name="routes">
      <metrics statements="170" coveredstatements="63" conditionals="68" coveredconditionals="11" methods="13" coveredmethods="7"/>
      <file name="auth.ts" path="C:\Users\melvi\Desktop\Programation_project\Application_Nyama-Express\djossfood\apps\api\src\routes\auth.ts">
        <metrics statements="48" coveredstatements="20" conditionals="20" coveredconditionals="2" methods="3" coveredmethods="2"/>
        <line num="1" count="1" type="stmt"/>
        <line num="2" count="1" type="stmt"/>
        <line num="3" count="1" type="stmt"/>
        <line num="5" count="1" type="stmt"/>
        <line num="7" count="1" type="stmt"/>
        <line num="10" count="1" type="stmt"/>
        <line num="11" count="5" type="stmt"/>
        <line num="13" count="5" type="cond" truecount="0" falsecount="1"/>
        <line num="14" count="0" type="stmt"/>
        <line num="17" count="5" type="stmt"/>
        <line num="18" count="5" type="stmt"/>
        <line num="21" count="5" type="stmt"/>
        <line num="25" count="5" type="cond" truecount="0" falsecount="1"/>
        <line num="26" count="0" type="stmt"/>
        <line num="29" count="5" type="stmt"/>
        <line num="31" count="0" type="stmt"/>
        <line num="36" count="1" type="stmt"/>
        <line num="37" count="0" type="stmt"/>
        <line num="39" count="0" type="cond" truecount="0" falsecount="3"/>
        <line num="40" count="0" type="stmt"/>
        <line num="43" count="0" type="stmt"/>
        <line num="44" count="0" type="stmt"/>
        <line num="47" count="0" type="stmt"/>
        <line num="53" count="0" type="cond" truecount="0" falsecount="3"/>
        <line num="54" count="0" type="stmt"/>
        <line num="58" count="0" type="stmt"/>
        <line num="59" count="0" type="stmt"/>
        <line num="60" count="0" type="stmt"/>
        <line num="66" count="0" type="cond" truecount="0" falsecount="3"/>
        <line num="67" count="0" type="stmt"/>
        <line num="70" count="0" type="stmt"/>
        <line num="75" count="0" type="stmt"/>
        <line num="80" count="1" type="stmt"/>
        <line num="81" count="1" type="stmt"/>
        <line num="82" count="1" type="stmt"/>
        <line num="84" count="1" type="cond" truecount="2" falsecount="1"/>
        <line num="85" count="1" type="stmt"/>
        <line num="88" count="0" type="stmt"/>
        <line num="90" count="0" type="cond" truecount="0" falsecount="3"/>
        <line num="91" count="0" type="stmt"/>
        <line num="94" count="0" type="stmt"/>
        <line num="95" count="0" type="stmt"/>
        <line num="97" count="0" type="stmt"/>
        <line num="107" count="0" type="cond" truecount="0" falsecount="1"/>
        <line num="108" count="0" type="stmt"/>
        <line num="111" count="0" type="stmt"/>
        <line num="116" count="0" type="stmt"/>
        <line num="120" count="1" type="stmt"/>
      </file>
      <file name="orders.ts" path="C:\Users\melvi\Desktop\Programation_project\Application_Nyama-Express\djossfood\apps\api\src\routes\orders.ts">
        <metrics statements="122" coveredstatements="43" conditionals="48" coveredconditionals="9" methods="10" coveredmethods="5"/>
        <line num="1" count="1" type="stmt"/>
        <line num="2" count="1" type="stmt"/>
        <line num="4" count="1" type="stmt"/>
        <line num="5" count="1" type="stmt"/>
        <line num="6" count="1" type="stmt"/>
        <line num="7" count="1" type="stmt"/>
        <line num="8" count="1" type="stmt"/>
        <line num="9" count="1" type="stmt"/>
        <line num="10" count="1" type="stmt"/>
        <line num="11" count="1" type="stmt"/>
        <line num="14" count="1" type="stmt"/>
        <line num="17" count="1" type="stmt"/>
        <line num="21" count="2" type="stmt"/>
        <line num="31" count="1" type="stmt"/>
        <line num="32" count="0" type="stmt"/>
        <line num="33" count="0" type="stmt"/>
        <line num="34" count="0" type="stmt"/>
        <line num="39" count="0" type="stmt"/>
        <line num="40" count="0" type="stmt"/>
        <line num="42" count="0" type="stmt"/>
        <line num="43" count="0" type="cond" truecount="0" falsecount="2"/>
        <line num="48" count="1" type="stmt"/>
        <line num="49" count="0" type="stmt"/>
        <line num="51" count="0" type="stmt"/>
        <line num="52" count="0" type="stmt"/>
        <line num="54" count="0" type="stmt"/>
        <line num="60" count="0" type="cond" truecount="0" falsecount="3"/>
        <line num="61" count="0" type="stmt"/>
        <line num="65" count="0" type="stmt"/>
        <line num="66" count="0" type="stmt"/>
        <line num="67" count="0" type="stmt"/>
        <line num="68" count="0" type="stmt"/>
        <line num="69" count="0" type="stmt"/>
        <line num="70" count="0" type="stmt"/>
        <line num="73" count="0" type="cond" truecount="0" falsecount="4"/>
        <line num="74" count="0" type="stmt"/>
        <line num="80" count="0" type="cond" truecount="0" falsecount="3"/>
        <line num="81" count="0" type="stmt"/>
        <line num="85" count="0" type="stmt"/>
        <line num="87" count="0" type="stmt"/>
        <line num="88" count="0" type="stmt"/>
        <line num="93" count="1" type="stmt"/>
        <line num="94" count="1" type="stmt"/>
        <line num="95" count="1" type="cond" truecount="2" falsecount="1"/>
        <line num="96" count="0" type="stmt"/>
        <line num="98" count="1" type="stmt"/>
        <line num="100" count="1" type="stmt"/>
        <line num="101" count="1" type="stmt"/>
        <line num="102" count="1" type="stmt"/>
        <line num="103" count="1" type="stmt"/>
        <line num="105" count="0" type="stmt"/>
        <line num="106" count="0" type="cond" truecount="0" falsecount="2"/>
        <line num="111" count="1" type="stmt"/>
        <line num="112" count="0" type="stmt"/>
        <line num="113" count="0" type="cond" truecount="0" falsecount="3"/>
        <line num="114" count="0" type="stmt"/>
        <line num="116" count="0" type="stmt"/>
        <line num="117" count="0" type="stmt"/>
        <line num="119" count="0" type="cond" truecount="0" falsecount="1"/>
        <line num="120" count="0" type="stmt"/>
        <line num="123" count="0" type="stmt"/>
        <line num="124" count="0" type="stmt"/>
        <line num="125" count="0" type="stmt"/>
        <line num="126" count="0" type="stmt"/>
        <line num="128" count="0" type="stmt"/>
        <line num="129" count="0" type="cond" truecount="0" falsecount="2"/>
        <line num="134" count="1" type="stmt"/>
        <line num="135" count="1" type="stmt"/>
        <line num="136" count="1" type="cond" truecount="3" falsecount="0"/>
        <line num="137" count="1" type="stmt"/>
        <line num="139" count="0" type="stmt"/>
        <line num="141" count="0" type="stmt"/>
        <line num="142" count="0" type="stmt"/>
        <line num="143" count="0" type="stmt"/>
        <line num="144" count="0" type="stmt"/>
        <line num="146" count="0" type="stmt"/>
        <line num="147" count="0" type="cond" truecount="0" falsecount="2"/>
        <line num="152" count="1" type="stmt"/>
        <line num="153" count="1" type="stmt"/>
        <line num="154" count="1" type="cond" truecount="1" falsecount="2"/>
        <line num="155" count="0" type="stmt"/>
        <line num="157" count="1" type="stmt"/>
        <line num="159" count="1" type="stmt"/>
        <line num="160" count="1" type="stmt"/>
        <line num="161" count="1" type="stmt"/>
        <line num="162" count="1" type="stmt"/>
        <line num="164" count="0" type="stmt"/>
        <line num="165" count="0" type="cond" truecount="0" falsecount="2"/>
        <line num="170" count="1" type="stmt"/>
        <line num="171" count="0" type="stmt"/>
        <line num="172" count="0" type="cond" truecount="0" falsecount="3"/>
        <line num="173" count="0" type="stmt"/>
        <line num="175" count="0" type="stmt"/>
        <line num="177" count="0" type="stmt"/>
        <line num="178" count="0" type="stmt"/>
        <line num="179" count="0" type="stmt"/>
        <line num="180" count="0" type="stmt"/>
        <line num="182" count="0" type="stmt"/>
        <line num="183" count="0" type="cond" truecount="0" falsecount="2"/>
        <line num="188" count="1" type="stmt"/>
        <line num="189" count="0" type="stmt"/>
        <line num="190" count="0" type="cond" truecount="0" falsecount="3"/>
        <line num="191" count="0" type="stmt"/>
        <line num="193" count="0" type="stmt"/>
        <line num="195" count="0" type="stmt"/>
        <line num="196" count="0" type="stmt"/>
        <line num="197" count="0" type="stmt"/>
        <line num="198" count="0" type="stmt"/>
        <line num="200" count="0" type="stmt"/>
        <line num="201" count="0" type="cond" truecount="0" falsecount="2"/>
        <line num="206" count="1" type="stmt"/>
        <line num="207" count="1" type="stmt"/>
        <line num="208" count="1" type="cond" truecount="3" falsecount="0"/>
        <line num="209" count="1" type="stmt"/>
        <line num="211" count="0" type="stmt"/>
        <line num="213" count="0" type="stmt"/>
        <line num="214" count="0" type="stmt"/>
        <line num="215" count="0" type="stmt"/>
        <line num="216" count="0" type="stmt"/>
        <line num="218" count="0" type="stmt"/>
        <line num="219" count="0" type="cond" truecount="0" falsecount="2"/>
        <line num="223" count="1" type="stmt"/>
      </file>
    </package>
    <package name="services">
      <metrics statements="348" coveredstatements="304" conditionals="164" coveredconditionals="123" methods="50" coveredmethods="42"/>
      <file name="driverMatchingService.ts" path="C:\Users\melvi\Desktop\Programation_project\Application_Nyama-Express\djossfood\apps\api\src\services\driverMatchingService.ts">
        <metrics statements="14" coveredstatements="6" conditionals="6" coveredconditionals="0" methods="2" coveredmethods="0"/>
        <line num="1" count="2" type="stmt"/>
        <line num="2" count="2" type="stmt"/>
        <line num="3" count="2" type="stmt"/>
        <line num="8" count="2" type="stmt"/>
        <line num="9" count="4" type="stmt"/>
        <line num="10" count="4" type="stmt"/>
        <line num="14" count="0" type="stmt"/>
        <line num="19" count="0" type="cond" truecount="0" falsecount="3"/>
        <line num="22" count="0" type="stmt"/>
        <line num="25" count="0" type="stmt"/>
        <line num="31" count="0" type="stmt"/>
        <line num="36" count="0" type="stmt"/>
        <line num="43" count="0" type="stmt"/>
        <line num="47" count="0" type="stmt"/>
      </file>
      <file name="notificationService.ts" path="C:\Users\melvi\Desktop\Programation_project\Application_Nyama-Express\djossfood\apps\api\src\services\notificationService.ts">
        <metrics statements="39" coveredstatements="38" conditionals="15" coveredconditionals="14" methods="13" coveredmethods="13"/>
        <line num="1" count="3" type="stmt"/>
        <line num="3" count="3" type="stmt"/>
        <line num="17" count="3" type="stmt"/>
        <line num="19" count="25" type="stmt"/>
        <line num="22" count="25" type="stmt"/>
        <line num="27" count="14" type="stmt"/>
        <line num="31" count="8" type="cond" truecount="2" falsecount="0"/>
        <line num="43" count="7" type="stmt"/>
        <line num="46" count="7" type="stmt"/>
        <line num="52" count="7" type="cond" truecount="3" falsecount="0"/>
        <line num="53" count="3" type="stmt"/>
        <line num="54" count="3" type="stmt"/>
        <line num="57" count="4" type="stmt"/>
        <line num="60" count="4" type="cond" truecount="1" falsecount="0"/>
        <line num="61" count="1" type="stmt"/>
        <line num="64" count="3" type="cond" truecount="1" falsecount="0"/>
        <line num="65" count="1" type="stmt"/>
        <line num="69" count="2" type="stmt"/>
        <line num="76" count="2" type="stmt"/>
        <line num="77" count="2" type="stmt"/>
        <line num="78" count="1" type="stmt"/>
        <line num="79" count="1" type="cond" truecount="3" falsecount="1"/>
        <line num="82" count="1" type="stmt"/>
        <line num="83" count="1" type="stmt"/>
        <line num="91" count="0" type="stmt"/>
        <line num="94" count="1" type="stmt"/>
        <line num="96" count="1" type="stmt"/>
        <line num="97" count="1" type="stmt"/>
        <line num="102" count="25" type="stmt"/>
        <line num="103" count="1" type="stmt"/>
        <line num="108" count="2" type="stmt"/>
        <line num="113" count="1" type="stmt"/>
        <line num="118" count="1" type="stmt"/>
        <line num="123" count="2" type="stmt"/>
        <line num="128" count="1" type="stmt"/>
        <line num="133" count="1" type="stmt"/>
        <line num="138" count="1" type="stmt"/>
        <line num="143" count="1" type="stmt"/>
        <line num="151" count="3" type="stmt"/>
      </file>
      <file name="orderService.ts" path="C:\Users\melvi\Desktop\Programation_project\Application_Nyama-Express\djossfood\apps\api\src\services\orderService.ts">
        <metrics statements="185" coveredstatements="176" conditionals="88" coveredconditionals="72" methods="20" coveredmethods="18"/>
        <line num="2" count="3" type="stmt"/>
        <line num="3" count="3" type="stmt"/>
        <line num="73" count="3" type="stmt"/>
        <line num="74" count="35" type="stmt"/>
        <line num="77" count="35" type="stmt"/>
        <line num="78" count="35" type="stmt"/>
        <line num="79" count="35" type="stmt"/>
        <line num="80" count="35" type="stmt"/>
        <line num="81" count="35" type="stmt"/>
        <line num="82" count="35" type="cond" truecount="1" falsecount="0"/>
        <line num="87" count="33" type="stmt"/>
        <line num="92" count="0" type="stmt"/>
        <line num="96" count="128" type="cond" truecount="2" falsecount="0"/>
        <line num="105" count="16" type="stmt"/>
        <line num="106" count="8" type="stmt"/>
        <line num="111" count="8" type="cond" truecount="4" falsecount="0"/>
        <line num="112" count="1" type="stmt"/>
        <line num="116" count="7" type="stmt"/>
        <line num="117" count="7" type="stmt"/>
        <line num="118" count="14" type="stmt"/>
        <line num="121" count="7" type="stmt"/>
        <line num="129" count="7" type="stmt"/>
        <line num="131" count="7" type="stmt"/>
        <line num="132" count="14" type="stmt"/>
        <line num="133" count="14" type="stmt"/>
        <line num="134" count="14" type="stmt"/>
        <line num="135" count="14" type="stmt"/>
        <line num="146" count="7" type="stmt"/>
        <line num="152" count="7" type="cond" truecount="3" falsecount="0"/>
        <line num="153" count="1" type="stmt"/>
        <line num="156" count="6" type="cond" truecount="1" falsecount="1"/>
        <line num="157" count="6" type="stmt"/>
        <line num="158" count="6" type="stmt"/>
        <line num="161" count="6" type="stmt"/>
        <line num="169" count="6" type="cond" truecount="1" falsecount="0"/>
        <line num="170" count="1" type="stmt"/>
        <line num="174" count="5" type="stmt"/>
        <line num="176" count="5" type="stmt"/>
        <line num="205" count="5" type="cond" truecount="2" falsecount="1"/>
        <line num="206" count="0" type="stmt"/>
        <line num="209" count="5" type="stmt"/>
        <line num="212" count="10" type="stmt"/>
        <line num="217" count="5" type="stmt"/>
        <line num="220" count="5" type="stmt"/>
        <line num="223" count="5" type="stmt"/>
        <line num="231" count="5" type="stmt"/>
        <line num="234" count="5" type="stmt"/>
        <line num="240" count="5" type="stmt"/>
        <line num="242" count="5" type="stmt"/>
        <line num="250" count="4" type="stmt"/>
        <line num="256" count="4" type="cond" truecount="3" falsecount="0"/>
        <line num="257" count="1" type="stmt"/>
        <line num="258" count="1" type="stmt"/>
        <line num="262" count="3" type="cond" truecount="1" falsecount="0"/>
        <line num="263" count="1" type="stmt"/>
        <line num="267" count="2" type="stmt"/>
        <line num="276" count="2" type="cond" truecount="1" falsecount="0"/>
        <line num="277" count="1" type="stmt"/>
        <line num="281" count="2" type="stmt"/>
        <line num="282" count="2" type="stmt"/>
        <line num="290" count="2" type="stmt"/>
        <line num="297" count="7" type="stmt"/>
        <line num="298" count="7" type="cond" truecount="0" falsecount="1"/>
        <line num="299" count="7" type="stmt"/>
        <line num="300" count="7" type="cond" truecount="3" falsecount="0"/>
        <line num="301" count="1" type="stmt"/>
        <line num="310" count="5" type="stmt"/>
        <line num="313" count="4" type="stmt"/>
        <line num="319" count="4" type="cond" truecount="2" falsecount="1"/>
        <line num="320" count="0" type="stmt"/>
        <line num="324" count="4" type="stmt"/>
        <line num="330" count="4" type="cond" truecount="2" falsecount="1"/>
        <line num="331" count="0" type="stmt"/>
        <line num="334" count="4" type="cond" truecount="1" falsecount="0"/>
        <line num="335" count="1" type="stmt"/>
        <line num="339" count="3" type="cond" truecount="2" falsecount="0"/>
        <line num="340" count="3" type="stmt"/>
        <line num="341" count="3" type="cond" truecount="1" falsecount="0"/>
        <line num="342" count="1" type="stmt"/>
        <line num="346" count="3" type="stmt"/>
        <line num="347" count="3" type="stmt"/>
        <line num="355" count="3" type="stmt"/>
        <line num="364" count="3" type="stmt"/>
        <line num="365" count="3" type="stmt"/>
        <line num="373" count="3" type="stmt"/>
        <line num="384" count="1" type="stmt"/>
        <line num="387" count="1" type="stmt"/>
        <line num="396" count="1" type="stmt"/>
        <line num="402" count="1" type="cond" truecount="1" falsecount="0"/>
        <line num="404" count="1" type="cond" truecount="1" falsecount="0"/>
        <line num="405" count="1" type="stmt"/>
        <line num="409" count="1" type="stmt"/>
        <line num="410" count="1" type="stmt"/>
        <line num="418" count="1" type="stmt"/>
        <line num="430" count="1" type="stmt"/>
        <line num="432" count="1" type="stmt"/>
        <line num="441" count="1" type="stmt"/>
        <line num="447" count="1" type="cond" truecount="1" falsecount="0"/>
        <line num="449" count="1" type="stmt"/>
        <line num="455" count="1" type="cond" truecount="1" falsecount="0"/>
        <line num="457" count="1" type="stmt"/>
        <line num="459" count="0" type="stmt"/>
        <line num="463" count="1" type="stmt"/>
        <line num="471" count="1" type="stmt"/>
        <line num="484" count="5" type="stmt"/>
        <line num="490" count="5" type="cond" truecount="3" falsecount="0"/>
        <line num="491" count="1" type="stmt"/>
        <line num="494" count="4" type="cond" truecount="1" falsecount="0"/>
        <line num="495" count="1" type="stmt"/>
        <line num="499" count="3" type="stmt"/>
        <line num="509" count="3" type="stmt"/>
        <line num="515" count="3" type="stmt"/>
        <line num="521" count="3" type="cond" truecount="1" falsecount="0"/>
        <line num="523" count="3" type="stmt"/>
        <line num="529" count="3" type="cond" truecount="1" falsecount="0"/>
        <line num="530" count="3" type="stmt"/>
        <line num="531" count="3" type="stmt"/>
        <line num="533" count="3" type="stmt"/>
        <line num="534" count="3" type="stmt"/>
        <line num="538" count="2" type="cond" truecount="2" falsecount="0"/>
        <line num="540" count="1" type="stmt"/>
        <line num="553" count="1" type="stmt"/>
        <line num="557" count="1" type="stmt"/>
        <line num="565" count="1" type="stmt"/>
        <line num="574" count="1" type="stmt"/>
        <line num="577" count="2" type="stmt"/>
        <line num="579" count="2" type="stmt"/>
        <line num="583" count="2" type="stmt"/>
        <line num="590" count="2" type="stmt"/>
        <line num="606" count="1" type="stmt"/>
        <line num="609" count="1" type="stmt"/>
        <line num="617" count="1" type="stmt"/>
        <line num="625" count="1" type="stmt"/>
        <line num="631" count="1" type="cond" truecount="1" falsecount="0"/>
        <line num="632" count="1" type="stmt"/>
        <line num="633" count="1" type="stmt"/>
        <line num="641" count="1" type="stmt"/>
        <line num="653" count="1" type="stmt"/>
        <line num="662" count="1" type="stmt"/>
        <line num="668" count="1" type="cond" truecount="1" falsecount="0"/>
        <line num="670" count="1" type="stmt"/>
        <line num="671" count="1" type="stmt"/>
        <line num="679" count="1" type="stmt"/>
        <line num="682" count="1" type="stmt"/>
        <line num="695" count="7" type="stmt"/>
        <line num="701" count="7" type="cond" truecount="2" falsecount="1"/>
        <line num="702" count="0" type="stmt"/>
        <line num="705" count="7" type="stmt"/>
        <line num="706" count="7" type="cond" truecount="3" falsecount="0"/>
        <line num="707" count="1" type="stmt"/>
        <line num="711" count="6" type="stmt"/>
        <line num="712" count="6" type="stmt"/>
        <line num="713" count="6" type="stmt"/>
        <line num="716" count="6" type="stmt"/>
        <line num="724" count="6" type="cond" truecount="1" falsecount="0"/>
        <line num="726" count="5" type="stmt"/>
        <line num="739" count="5" type="stmt"/>
        <line num="740" count="5" type="stmt"/>
        <line num="741" count="5" type="stmt"/>
        <line num="746" count="5" type="stmt"/>
        <line num="747" count="5" type="stmt"/>
        <line num="750" count="5" type="stmt"/>
        <line num="753" count="5" type="cond" truecount="1" falsecount="0"/>
        <line num="754" count="4" type="stmt"/>
        <line num="758" count="5" type="cond" truecount="1" falsecount="0"/>
        <line num="759" count="4" type="stmt"/>
        <line num="764" count="4" type="stmt"/>
        <line num="768" count="5" type="stmt"/>
        <line num="774" count="5" type="cond" truecount="1" falsecount="1"/>
        <line num="775" count="5" type="stmt"/>
        <line num="776" count="5" type="stmt"/>
        <line num="785" count="6" type="stmt"/>
        <line num="790" count="6" type="cond" truecount="1" falsecount="0"/>
        <line num="791" count="1" type="stmt"/>
        <line num="800" count="10" type="cond" truecount="2" falsecount="0"/>
        <line num="801" count="5" type="stmt"/>
        <line num="803" count="5" type="stmt"/>
        <line num="808" count="5" type="stmt"/>
        <line num="812" count="6" type="cond" truecount="1" falsecount="0"/>
        <line num="813" count="2" type="stmt"/>
        <line num="816" count="4" type="cond" truecount="3" falsecount="0"/>
        <line num="817" count="4" type="stmt"/>
        <line num="823" count="0" type="cond" truecount="0" falsecount="3"/>
        <line num="824" count="0" type="stmt"/>
        <line num="826" count="0" type="stmt"/>
      </file>
      <file name="paymentService.ts" path="C:\Users\melvi\Desktop\Programation_project\Application_Nyama-Express\djossfood\apps\api\src\services\paymentService.ts">
        <metrics statements="84" coveredstatements="74" conditionals="44" coveredconditionals="34" methods="10" coveredmethods="10"/>
        <line num="1" count="4" type="stmt"/>
        <line num="2" count="4" type="stmt"/>
        <line num="4" count="4" type="stmt"/>
        <line num="5" count="4" type="stmt"/>
        <line num="26" count="4" type="stmt"/>
        <line num="28" count="26" type="stmt"/>
        <line num="29" count="26" type="stmt"/>
        <line num="30" count="26" type="stmt"/>
        <line num="33" count="26" type="cond" truecount="2" falsecount="0"/>
        <line num="38" count="18" type="stmt"/>
        <line num="42" count="26" type="cond" truecount="1" falsecount="1"/>
        <line num="50" count="8" type="cond" truecount="1" falsecount="2"/>
        <line num="51" count="0" type="stmt"/>
        <line num="54" count="8" type="stmt"/>
        <line num="55" count="8" type="stmt"/>
        <line num="57" count="8" type="cond" truecount="2" falsecount="1"/>
        <line num="58" count="0" type="stmt"/>
        <line num="61" count="8" type="stmt"/>
        <line num="66" count="8" type="stmt"/>
        <line num="68" count="8" type="stmt"/>
        <line num="70" count="8" type="stmt"/>
        <line num="78" count="13" type="stmt"/>
        <line num="85" count="9" type="cond" truecount="2" falsecount="0"/>
        <line num="94" count="13" type="cond" truecount="1" falsecount="0"/>
        <line num="95" count="4" type="stmt"/>
        <line num="102" count="9" type="cond" truecount="1" falsecount="0"/>
        <line num="103" count="4" type="stmt"/>
        <line num="109" count="5" type="stmt"/>
        <line num="110" count="5" type="stmt"/>
        <line num="113" count="5" type="stmt"/>
        <line num="115" count="5" type="stmt"/>
        <line num="132" count="4" type="cond" truecount="1" falsecount="1"/>
        <line num="133" count="4" type="cond" truecount="1" falsecount="1"/>
        <line num="136" count="4" type="stmt"/>
        <line num="137" count="4" type="stmt"/>
        <line num="148" count="0" type="stmt"/>
        <line num="151" count="4" type="stmt"/>
        <line num="158" count="1" type="cond" truecount="2" falsecount="1"/>
        <line num="159" count="1" type="stmt"/>
        <line num="171" count="7" type="cond" truecount="1" falsecount="0"/>
        <line num="172" count="1" type="stmt"/>
        <line num="175" count="6" type="stmt"/>
        <line num="176" count="6" type="cond" truecount="0" falsecount="1"/>
        <line num="177" count="0" type="stmt"/>
        <line num="178" count="0" type="stmt"/>
        <line num="181" count="6" type="stmt"/>
        <line num="186" count="6" type="cond" truecount="0" falsecount="1"/>
        <line num="187" count="0" type="stmt"/>
        <line num="190" count="6" type="stmt"/>
        <line num="202" count="7" type="stmt"/>
        <line num="203" count="7" type="cond" truecount="1" falsecount="0"/>
        <line num="204" count="1" type="stmt"/>
        <line num="207" count="6" type="stmt"/>
        <line num="208" count="6" type="stmt"/>
        <line num="209" count="6" type="stmt"/>
        <line num="211" count="6" type="cond" truecount="0" falsecount="1"/>
        <line num="212" count="0" type="stmt"/>
        <line num="215" count="6" type="stmt"/>
        <line num="217" count="6" type="stmt"/>
        <line num="223" count="6" type="cond" truecount="3" falsecount="0"/>
        <line num="224" count="1" type="stmt"/>
        <line num="231" count="5" type="cond" truecount="2" falsecount="0"/>
        <line num="232" count="5" type="stmt"/>
        <line num="242" count="5" type="cond" truecount="1" falsecount="0"/>
        <line num="244" count="5" type="cond" truecount="2" falsecount="0"/>
        <line num="249" count="5" type="stmt"/>
        <line num="255" count="5" type="stmt"/>
        <line num="260" count="0" type="stmt"/>
        <line num="272" count="4" type="stmt"/>
        <line num="273" count="4" type="stmt"/>
        <line num="279" count="4" type="cond" truecount="3" falsecount="0"/>
        <line num="280" count="1" type="stmt"/>
        <line num="281" count="1" type="stmt"/>
        <line num="284" count="3" type="stmt"/>
        <line num="285" count="3" type="stmt"/>
        <line num="286" count="3" type="stmt"/>
        <line num="302" count="2" type="cond" truecount="3" falsecount="0"/>
        <line num="303" count="2" type="stmt"/>
        <line num="307" count="2" type="stmt"/>
        <line num="310" count="0" type="stmt"/>
        <line num="314" count="0" type="stmt"/>
        <line num="316" count="1" type="stmt"/>
        <line num="317" count="1" type="stmt"/>
        <line num="323" count="4" type="stmt"/>
      </file>
      <file name="routingService.ts" path="C:\Users\melvi\Desktop\Programation_project\Application_Nyama-Express\djossfood\apps\api\src\services\routingService.ts">
        <metrics statements="10" coveredstatements="4" conditionals="2" coveredconditionals="1" methods="1" coveredmethods="1"/>
        <line num="1" count="2" type="stmt"/>
        <line num="9" count="2" type="stmt"/>
        <line num="10" count="4" type="stmt"/>
        <line num="18" count="1" type="cond" truecount="1" falsecount="0"/>
        <line num="20" count="0" type="stmt"/>
        <line num="21" count="0" type="stmt"/>
        <line num="33" count="0" type="stmt"/>
        <line num="34" count="0" type="cond" truecount="0" falsecount="1"/>
        <line num="36" count="0" type="stmt"/>
        <line num="42" count="0" type="stmt"/>
      </file>
      <file name="timeoutService.ts" path="C:\Users\melvi\Desktop\Programation_project\Application_Nyama-Express\djossfood\apps\api\src\services\timeoutService.ts">
        <metrics statements="16" coveredstatements="6" conditionals="9" coveredconditionals="2" methods="4" coveredmethods="0"/>
        <line num="1" count="2" type="stmt"/>
        <line num="2" count="2" type="stmt"/>
        <line num="7" count="2" type="cond" truecount="2" falsecount="0"/>
        <line num="9" count="2" type="stmt"/>
        <line num="11" count="0" type="stmt"/>
        <line num="16" count="0" type="cond" truecount="0" falsecount="2"/>
        <line num="20" count="0" type="stmt"/>
        <line num="21" count="0" type="stmt"/>
        <line num="22" count="0" type="cond" truecount="0" falsecount="3"/>
        <line num="23" count="0" type="stmt"/>
        <line num="24" count="0" type="stmt"/>
        <line num="30" count="0" type="stmt"/>
        <line num="35" count="0" type="cond" truecount="0" falsecount="2"/>
        <line num="39" count="2" type="stmt"/>
        <line num="40" count="0" type="stmt"/>
        <line num="43" count="2" type="stmt"/>
      </file>
    </package>
  </project>
</coverage>
