{"C:\\Users\\melvi\\Desktop\\Programation_project\\Application_Nyama-Express\\djossfood\\apps\\api\\src\\config\\constants.ts": {"path":"C:\\Users\\melvi\\Desktop\\Programation_project\\Application_Nyama-Express\\djossfood\\apps\\api\\src\\config\\constants.ts","statementMap":{"0":{"start":{"line":1,"column":13},"end":{"line":1,"column":61}},"1":{"start":{"line":2,"column":13},"end":{"line":2,"column":46}},"2":{"start":{"line":3,"column":13},"end":{"line":3,"column":54}},"3":{"start":{"line":4,"column":13},"end":{"line":4,"column":58}},"4":{"start":{"line":5,"column":13},"end":{"line":5,"column":41}},"5":{"start":{"line":6,"column":13},"end":{"line":6,"column":51}},"6":{"start":{"line":7,"column":13},"end":{"line":7,"column":54}},"7":{"start":{"line":8,"column":13},"end":{"line":8,"column":50}},"8":{"start":{"line":9,"column":13},"end":{"line":9,"column":45}},"9":{"start":{"line":10,"column":13},"end":{"line":10,"column":52}},"10":{"start":{"line":11,"column":13},"end":{"line":11,"column":39}},"11":{"start":{"line":12,"column":13},"end":{"line":12,"column":48}}},"fnMap":{},"branchMap":{"0":{"loc":{"start":{"line":1,"column":29},"end":{"line":1,"column":55}},"type":"binary-expr","locations":[{"start":{"line":1,"column":29},"end":{"line":1,"column":45}},{"start":{"line":1,"column":49},"end":{"line":1,"column":55}}]}},"s":{"0":5,"1":5,"2":5,"3":5,"4":5,"5":5,"6":5,"7":5,"8":5,"9":5,"10":5,"11":5},"f":{},"b":{"0":[5,1]}}
,"C:\\Users\\melvi\\Desktop\\Programation_project\\Application_Nyama-Express\\djossfood\\apps\\api\\src\\config\\supabase.ts": {"path":"C:\\Users\\melvi\\Desktop\\Programation_project\\Application_Nyama-Express\\djossfood\\apps\\api\\src\\config\\supabase.ts","statementMap":{"0":{"start":{"line":7,"column":0},"end":{"line":7,"column":16}},"1":{"start":{"line":21,"column":0},"end":{"line":21,"column":16}},"2":{"start":{"line":1,"column":0},"end":{"line":1,"column":69}},"3":{"start":{"line":2,"column":0},"end":{"line":2,"column":28}},"4":{"start":{"line":3,"column":0},"end":{"line":3,"column":16}},"5":{"start":{"line":5,"column":43},"end":{"line":5,"column":47}},"6":{"start":{"line":8,"column":2},"end":{"line":17,"column":3}},"7":{"start":{"line":9,"column":16},"end":{"line":9,"column":40}},"8":{"start":{"line":10,"column":16},"end":{"line":10,"column":53}},"9":{"start":{"line":11,"column":4},"end":{"line":13,"column":5}},"10":{"start":{"line":12,"column":6},"end":{"line":12,"column":81}},"11":{"start":{"line":14,"column":4},"end":{"line":16,"column":7}},"12":{"start":{"line":18,"column":2},"end":{"line":18,"column":23}},"13":{"start":{"line":22,"column":14},"end":{"line":22,"column":38}},"14":{"start":{"line":23,"column":14},"end":{"line":23,"column":43}},"15":{"start":{"line":24,"column":2},"end":{"line":26,"column":3}},"16":{"start":{"line":25,"column":4},"end":{"line":25,"column":71}},"17":{"start":{"line":27,"column":17},"end":{"line":27,"column":39}},"18":{"start":{"line":28,"column":2},"end":{"line":30,"column":3}},"19":{"start":{"line":29,"column":4},"end":{"line":29,"column":71}},"20":{"start":{"line":31,"column":2},"end":{"line":31,"column":16}}},"fnMap":{"0":{"name":"getSupabaseAdmin","decl":{"start":{"line":7,"column":16},"end":{"line":7,"column":32}},"loc":{"start":{"line":7,"column":32},"end":{"line":19,"column":1}}},"1":{"name":"getSupabaseClient","decl":{"start":{"line":21,"column":16},"end":{"line":21,"column":33}},"loc":{"start":{"line":21,"column":48},"end":{"line":32,"column":1}}}},"branchMap":{"0":{"loc":{"start":{"line":8,"column":2},"end":{"line":17,"column":3}},"type":"if","locations":[{"start":{"line":8,"column":2},"end":{"line":17,"column":3}}]},"1":{"loc":{"start":{"line":11,"column":4},"end":{"line":13,"column":5}},"type":"if","locations":[{"start":{"line":11,"column":4},"end":{"line":13,"column":5}}]},"2":{"loc":{"start":{"line":11,"column":8},"end":{"line":11,"column":20}},"type":"binary-expr","locations":[{"start":{"line":11,"column":8},"end":{"line":11,"column":12}},{"start":{"line":11,"column":16},"end":{"line":11,"column":20}}]},"3":{"loc":{"start":{"line":24,"column":2},"end":{"line":26,"column":3}},"type":"if","locations":[{"start":{"line":24,"column":2},"end":{"line":26,"column":3}}]},"4":{"loc":{"start":{"line":24,"column":6},"end":{"line":24,"column":18}},"type":"binary-expr","locations":[{"start":{"line":24,"column":6},"end":{"line":24,"column":10}},{"start":{"line":24,"column":14},"end":{"line":24,"column":18}}]},"5":{"loc":{"start":{"line":28,"column":2},"end":{"line":30,"column":3}},"type":"if","locations":[{"start":{"line":28,"column":2},"end":{"line":30,"column":3}}]}},"s":{"0":5,"1":5,"2":5,"3":5,"4":5,"5":5,"6":2,"7":1,"8":1,"9":1,"10":0,"11":1,"12":2,"13":0,"14":0,"15":0,"16":0,"17":0,"18":0,"19":0,"20":0},"f":{"0":2,"1":0},"b":{"0":[1],"1":[0],"2":[1,1],"3":[0],"4":[0,0],"5":[0]}}
,"C:\\Users\\melvi\\Desktop\\Programation_project\\Application_Nyama-Express\\djossfood\\apps\\api\\src\\middleware\\ownership.ts": {"path":"C:\\Users\\melvi\\Desktop\\Programation_project\\Application_Nyama-Express\\djossfood\\apps\\api\\src\\middleware\\ownership.ts","statementMap":{"0":{"start":{"line":5,"column":0},"end":{"line":5,"column":7}},"1":{"start":{"line":3,"column":0},"end":{"line":3,"column":54}},"2":{"start":{"line":10,"column":17},"end":{"line":10,"column":27}},"3":{"start":{"line":11,"column":17},"end":{"line":11,"column":28}},"4":{"start":{"line":12,"column":19},"end":{"line":12,"column":32}},"5":{"start":{"line":14,"column":2},"end":{"line":16,"column":3}},"6":{"start":{"line":15,"column":4},"end":{"line":15,"column":18}},"7":{"start":{"line":18,"column":19},"end":{"line":18,"column":37}},"8":{"start":{"line":19,"column":33},"end":{"line":23,"column":13}},"9":{"start":{"line":25,"column":2},"end":{"line":27,"column":3}},"10":{"start":{"line":26,"column":4},"end":{"line":26,"column":67}},"11":{"start":{"line":29,"column":20},"end":{"line":29,"column":54}},"12":{"start":{"line":30,"column":20},"end":{"line":30,"column":54}},"13":{"start":{"line":32,"column":26},"end":{"line":32,"column":31}},"14":{"start":{"line":33,"column":2},"end":{"line":40,"column":3}},"15":{"start":{"line":34,"column":33},"end":{"line":38,"column":15}},"16":{"start":{"line":39,"column":4},"end":{"line":39,"column":65}},"17":{"start":{"line":42,"column":2},"end":{"line":44,"column":3}},"18":{"start":{"line":43,"column":4},"end":{"line":43,"column":59}},"19":{"start":{"line":46,"column":3},"end":{"line":46,"column":74}},"20":{"start":{"line":47,"column":2},"end":{"line":47,"column":9}}},"fnMap":{"0":{"name":"requireOrderOwnerOrAdmin","decl":{"start":{"line":5,"column":22},"end":{"line":5,"column":46}},"loc":{"start":{"line":8,"column":20},"end":{"line":48,"column":1}}}},"branchMap":{"0":{"loc":{"start":{"line":14,"column":2},"end":{"line":16,"column":3}},"type":"if","locations":[{"start":{"line":14,"column":2},"end":{"line":16,"column":3}}]},"1":{"loc":{"start":{"line":25,"column":2},"end":{"line":27,"column":3}},"type":"if","locations":[{"start":{"line":25,"column":2},"end":{"line":27,"column":3}}]},"2":{"loc":{"start":{"line":25,"column":6},"end":{"line":25,"column":21}},"type":"binary-expr","locations":[{"start":{"line":25,"column":6},"end":{"line":25,"column":11}},{"start":{"line":25,"column":15},"end":{"line":25,"column":21}}]},"3":{"loc":{"start":{"line":33,"column":2},"end":{"line":40,"column":3}},"type":"if","locations":[{"start":{"line":33,"column":2},"end":{"line":40,"column":3}}]},"4":{"loc":{"start":{"line":42,"column":2},"end":{"line":44,"column":3}},"type":"if","locations":[{"start":{"line":42,"column":2},"end":{"line":44,"column":3}}]},"5":{"loc":{"start":{"line":42,"column":6},"end":{"line":42,"column":50}},"type":"binary-expr","locations":[{"start":{"line":42,"column":6},"end":{"line":42,"column":15}},{"start":{"line":42,"column":19},"end":{"line":42,"column":28}},{"start":{"line":42,"column":32},"end":{"line":42,"column":50}}]}},"s":{"0":1,"1":1,"2":8,"3":8,"4":8,"5":8,"6":1,"7":7,"8":7,"9":7,"10":1,"11":6,"12":6,"13":6,"14":6,"15":6,"16":6,"17":6,"18":3,"19":3,"20":3},"f":{"0":8},"b":{"0":[1],"1":[1],"2":[7,6],"3":[6],"4":[3],"5":[6,5,3]}}
,"C:\\Users\\melvi\\Desktop\\Programation_project\\Application_Nyama-Express\\djossfood\\apps\\api\\src\\middleware\\rateLimit.ts": {"path":"C:\\Users\\melvi\\Desktop\\Programation_project\\Application_Nyama-Express\\djossfood\\apps\\api\\src\\middleware\\rateLimit.ts","statementMap":{"0":{"start":{"line":16,"column":0},"end":{"line":16,"column":16}},"1":{"start":{"line":2,"column":0},"end":{"line":2,"column":28}},"2":{"start":{"line":4,"column":14},"end":{"line":4,"column":74}},"3":{"start":{"line":6,"column":0},"end":{"line":8,"column":3}},"4":{"start":{"line":7,"column":2},"end":{"line":7,"column":58}},"5":{"start":{"line":17,"column":2},"end":{"line":35,"column":4}},"6":{"start":{"line":18,"column":15},"end":{"line":18,"column":67}},"7":{"start":{"line":19,"column":16},"end":{"line":19,"column":44}},"8":{"start":{"line":20,"column":4},"end":{"line":34,"column":5}},"9":{"start":{"line":21,"column":22},"end":{"line":21,"column":43}},"10":{"start":{"line":22,"column":6},"end":{"line":24,"column":7}},"11":{"start":{"line":23,"column":8},"end":{"line":23,"column":51}},"12":{"start":{"line":25,"column":6},"end":{"line":28,"column":7}},"13":{"start":{"line":26,"column":8},"end":{"line":26,"column":81}},"14":{"start":{"line":27,"column":8},"end":{"line":27,"column":68}},"15":{"start":{"line":29,"column":6},"end":{"line":29,"column":13}},"16":{"start":{"line":32,"column":6},"end":{"line":32,"column":67}},"17":{"start":{"line":33,"column":6},"end":{"line":33,"column":13}}},"fnMap":{"0":{"name":"(anonymous_1)","decl":{"start":{"line":6,"column":18},"end":{"line":6,"column":19}},"loc":{"start":{"line":6,"column":26},"end":{"line":8,"column":1}}},"1":{"name":"rateLimitMiddleware","decl":{"start":{"line":16,"column":16},"end":{"line":16,"column":35}},"loc":{"start":{"line":16,"column":61},"end":{"line":36,"column":1}}},"2":{"name":"(anonymous_3)","decl":{"start":{"line":17,"column":9},"end":{"line":17,"column":14}},"loc":{"start":{"line":17,"column":67},"end":{"line":35,"column":3}}}},"branchMap":{"0":{"loc":{"start":{"line":4,"column":24},"end":{"line":4,"column":73}},"type":"binary-expr","locations":[{"start":{"line":4,"column":24},"end":{"line":4,"column":45}},{"start":{"line":4,"column":49},"end":{"line":4,"column":73}}]},"1":{"loc":{"start":{"line":18,"column":15},"end":{"line":18,"column":67}},"type":"binary-expr","locations":[{"start":{"line":18,"column":15},"end":{"line":18,"column":21}},{"start":{"line":18,"column":25},"end":{"line":18,"column":54}},{"start":{"line":18,"column":58},"end":{"line":18,"column":67}}]},"2":{"loc":{"start":{"line":22,"column":6},"end":{"line":24,"column":7}},"type":"if","locations":[{"start":{"line":22,"column":6},"end":{"line":24,"column":7}}]},"3":{"loc":{"start":{"line":25,"column":6},"end":{"line":28,"column":7}},"type":"if","locations":[{"start":{"line":25,"column":6},"end":{"line":28,"column":7}}]}},"s":{"0":2,"1":2,"2":2,"3":2,"4":0,"5":6,"6":15,"7":15,"8":15,"9":15,"10":14,"11":5,"12":14,"13":3,"14":3,"15":11,"16":1,"17":1},"f":{"0":0,"1":6,"2":15},"b":{"0":[2,2],"1":[15,0,0],"2":[5],"3":[3]}}
,"C:\\Users\\melvi\\Desktop\\Programation_project\\Application_Nyama-Express\\djossfood\\apps\\api\\src\\routes\\auth.ts": {"path":"C:\\Users\\melvi\\Desktop\\Programation_project\\Application_Nyama-Express\\djossfood\\apps\\api\\src\\routes\\auth.ts","statementMap":{"0":{"start":{"line":1,"column":0},"end":{"line":1,"column":52}},"1":{"start":{"line":2,"column":0},"end":{"line":2,"column":73}},"2":{"start":{"line":3,"column":0},"end":{"line":3,"column":62}},"3":{"start":{"line":5,"column":15},"end":{"line":5,"column":23}},"4":{"start":{"line":7,"column":21},"end":{"line":7,"column":104}},"5":{"start":{"line":10,"column":0},"end":{"line":33,"column":3}},"6":{"start":{"line":11,"column":20},"end":{"line":11,"column":28}},"7":{"start":{"line":13,"column":2},"end":{"line":15,"column":3}},"8":{"start":{"line":14,"column":4},"end":{"line":14,"column":80}},"9":{"start":{"line":17,"column":2},"end":{"line":32,"column":3}},"10":{"start":{"line":18,"column":21},"end":{"line":18,"column":40}},"11":{"start":{"line":21,"column":22},"end":{"line":23,"column":6}},"12":{"start":{"line":25,"column":4},"end":{"line":27,"column":5}},"13":{"start":{"line":26,"column":6},"end":{"line":26,"column":60}},"14":{"start":{"line":29,"column":4},"end":{"line":29,"column":59}},"15":{"start":{"line":31,"column":4},"end":{"line":31,"column":80}},"16":{"start":{"line":36,"column":0},"end":{"line":77,"column":3}},"17":{"start":{"line":37,"column":25},"end":{"line":37,"column":33}},"18":{"start":{"line":39,"column":2},"end":{"line":41,"column":3}},"19":{"start":{"line":40,"column":4},"end":{"line":40,"column":80}},"20":{"start":{"line":43,"column":2},"end":{"line":76,"column":3}},"21":{"start":{"line":44,"column":21},"end":{"line":44,"column":40}},"22":{"start":{"line":47,"column":28},"end":{"line":51,"column":6}},"23":{"start":{"line":53,"column":4},"end":{"line":55,"column":5}},"24":{"start":{"line":54,"column":6},"end":{"line":54,"column":71}},"25":{"start":{"line":58,"column":24},"end":{"line":58,"column":50}},"26":{"start":{"line":59,"column":24},"end":{"line":59,"column":43}},"27":{"start":{"line":60,"column":51},"end":{"line":64,"column":15}},"28":{"start":{"line":66,"column":4},"end":{"line":68,"column":5}},"29":{"start":{"line":67,"column":6},"end":{"line":67,"column":66}},"30":{"start":{"line":70,"column":4},"end":{"line":73,"column":7}},"31":{"start":{"line":75,"column":4},"end":{"line":75,"column":87}},"32":{"start":{"line":80,"column":0},"end":{"line":118,"column":3}},"33":{"start":{"line":81,"column":22},"end":{"line":81,"column":53}},"34":{"start":{"line":82,"column":25},"end":{"line":82,"column":61}},"35":{"start":{"line":84,"column":2},"end":{"line":86,"column":3}},"36":{"start":{"line":85,"column":4},"end":{"line":85,"column":56}},"37":{"start":{"line":88,"column":41},"end":{"line":88,"column":49}},"38":{"start":{"line":90,"column":2},"end":{"line":92,"column":3}},"39":{"start":{"line":91,"column":4},"end":{"line":91,"column":75}},"40":{"start":{"line":94,"column":2},"end":{"line":117,"column":3}},"41":{"start":{"line":95,"column":21},"end":{"line":95,"column":39}},"42":{"start":{"line":97,"column":28},"end":{"line":105,"column":6}},"43":{"start":{"line":107,"column":4},"end":{"line":109,"column":5}},"44":{"start":{"line":108,"column":6},"end":{"line":108,"column":60}},"45":{"start":{"line":111,"column":4},"end":{"line":114,"column":7}},"46":{"start":{"line":116,"column":4},"end":{"line":116,"column":89}},"47":{"start":{"line":120,"column":13},"end":{"line":120,"column":33}}},"fnMap":{"0":{"name":"(anonymous_0)","decl":{"start":{"line":10,"column":39},"end":{"line":10,"column":44}},"loc":{"start":{"line":10,"column":77},"end":{"line":33,"column":1}}},"1":{"name":"(anonymous_1)","decl":{"start":{"line":36,"column":27},"end":{"line":36,"column":32}},"loc":{"start":{"line":36,"column":65},"end":{"line":77,"column":1}}},"2":{"name":"(anonymous_2)","decl":{"start":{"line":80,"column":29},"end":{"line":80,"column":34}},"loc":{"start":{"line":80,"column":67},"end":{"line":118,"column":1}}}},"branchMap":{"0":{"loc":{"start":{"line":13,"column":2},"end":{"line":15,"column":3}},"type":"if","locations":[{"start":{"line":13,"column":2},"end":{"line":15,"column":3}}]},"1":{"loc":{"start":{"line":25,"column":4},"end":{"line":27,"column":5}},"type":"if","locations":[{"start":{"line":25,"column":4},"end":{"line":27,"column":5}}]},"2":{"loc":{"start":{"line":39,"column":2},"end":{"line":41,"column":3}},"type":"if","locations":[{"start":{"line":39,"column":2},"end":{"line":41,"column":3}}]},"3":{"loc":{"start":{"line":39,"column":6},"end":{"line":39,"column":20}},"type":"binary-expr","locations":[{"start":{"line":39,"column":6},"end":{"line":39,"column":12}},{"start":{"line":39,"column":16},"end":{"line":39,"column":20}}]},"4":{"loc":{"start":{"line":53,"column":4},"end":{"line":55,"column":5}},"type":"if","locations":[{"start":{"line":53,"column":4},"end":{"line":55,"column":5}}]},"5":{"loc":{"start":{"line":53,"column":8},"end":{"line":53,"column":27}},"type":"binary-expr","locations":[{"start":{"line":53,"column":8},"end":{"line":53,"column":13}},{"start":{"line":53,"column":17},"end":{"line":53,"column":27}}]},"6":{"loc":{"start":{"line":66,"column":4},"end":{"line":68,"column":5}},"type":"if","locations":[{"start":{"line":66,"column":4},"end":{"line":68,"column":5}}]},"7":{"loc":{"start":{"line":66,"column":8},"end":{"line":66,"column":32}},"type":"binary-expr","locations":[{"start":{"line":66,"column":8},"end":{"line":66,"column":20}},{"start":{"line":66,"column":24},"end":{"line":66,"column":32}}]},"8":{"loc":{"start":{"line":84,"column":2},"end":{"line":86,"column":3}},"type":"if","locations":[{"start":{"line":84,"column":2},"end":{"line":86,"column":3}}]},"9":{"loc":{"start":{"line":84,"column":6},"end":{"line":84,"column":52}},"type":"binary-expr","locations":[{"start":{"line":84,"column":6},"end":{"line":84,"column":18}},{"start":{"line":84,"column":22},"end":{"line":84,"column":52}}]},"10":{"loc":{"start":{"line":90,"column":2},"end":{"line":92,"column":3}},"type":"if","locations":[{"start":{"line":90,"column":2},"end":{"line":92,"column":3}}]},"11":{"loc":{"start":{"line":90,"column":6},"end":{"line":90,"column":25}},"type":"binary-expr","locations":[{"start":{"line":90,"column":6},"end":{"line":90,"column":12}},{"start":{"line":90,"column":16},"end":{"line":90,"column":25}}]},"12":{"loc":{"start":{"line":103,"column":19},"end":{"line":103,"column":39}},"type":"binary-expr","locations":[{"start":{"line":103,"column":19},"end":{"line":103,"column":28}},{"start":{"line":103,"column":32},"end":{"line":103,"column":39}}]},"13":{"loc":{"start":{"line":107,"column":4},"end":{"line":109,"column":5}},"type":"if","locations":[{"start":{"line":107,"column":4},"end":{"line":109,"column":5}}]}},"s":{"0":1,"1":1,"2":1,"3":1,"4":1,"5":1,"6":5,"7":5,"8":0,"9":5,"10":5,"11":5,"12":5,"13":0,"14":5,"15":0,"16":1,"17":0,"18":0,"19":0,"20":0,"21":0,"22":0,"23":0,"24":0,"25":0,"26":0,"27":0,"28":0,"29":0,"30":0,"31":0,"32":1,"33":1,"34":1,"35":1,"36":1,"37":0,"38":0,"39":0,"40":0,"41":0,"42":0,"43":0,"44":0,"45":0,"46":0,"47":1},"f":{"0":5,"1":0,"2":1},"b":{"0":[0],"1":[0],"2":[0],"3":[0,0],"4":[0],"5":[0,0],"6":[0],"7":[0,0],"8":[1],"9":[1,0],"10":[0],"11":[0,0],"12":[0,0],"13":[0]}}
,"C:\\Users\\melvi\\Desktop\\Programation_project\\Application_Nyama-Express\\djossfood\\apps\\api\\src\\routes\\orders.ts": {"path":"C:\\Users\\melvi\\Desktop\\Programation_project\\Application_Nyama-Express\\djossfood\\apps\\api\\src\\routes\\orders.ts","statementMap":{"0":{"start":{"line":1,"column":0},"end":{"line":1,"column":43}},"1":{"start":{"line":2,"column":0},"end":{"line":2,"column":65}},"2":{"start":{"line":4,"column":0},"end":{"line":4,"column":67}},"3":{"start":{"line":5,"column":0},"end":{"line":5,"column":56}},"4":{"start":{"line":6,"column":0},"end":{"line":6,"column":60}},"5":{"start":{"line":7,"column":0},"end":{"line":7,"column":70}},"6":{"start":{"line":8,"column":0},"end":{"line":8,"column":60}},"7":{"start":{"line":9,"column":0},"end":{"line":9,"column":74}},"8":{"start":{"line":10,"column":0},"end":{"line":10,"column":60}},"9":{"start":{"line":11,"column":0},"end":{"line":11,"column":54}},"10":{"start":{"line":14,"column":15},"end":{"line":14,"column":23}},"11":{"start":{"line":17,"column":0},"end":{"line":17,"column":27}},"12":{"start":{"line":21,"column":2},"end":{"line":27,"column":4}},"13":{"start":{"line":31,"column":0},"end":{"line":45,"column":3}},"14":{"start":{"line":32,"column":2},"end":{"line":44,"column":3}},"15":{"start":{"line":33,"column":25},"end":{"line":33,"column":45}},"16":{"start":{"line":34,"column":41},"end":{"line":37,"column":6}},"17":{"start":{"line":39,"column":18},"end":{"line":39,"column":59}},"18":{"start":{"line":40,"column":4},"end":{"line":40,"column":43}},"19":{"start":{"line":42,"column":4},"end":{"line":42,"column":54}},"20":{"start":{"line":43,"column":4},"end":{"line":43,"column":103}},"21":{"start":{"line":48,"column":0},"end":{"line":90,"column":3}},"22":{"start":{"line":49,"column":17},"end":{"line":49,"column":27}},"23":{"start":{"line":51,"column":2},"end":{"line":89,"column":3}},"24":{"start":{"line":52,"column":21},"end":{"line":52,"column":39}},"25":{"start":{"line":54,"column":35},"end":{"line":58,"column":15}},"26":{"start":{"line":60,"column":4},"end":{"line":62,"column":5}},"27":{"start":{"line":61,"column":6},"end":{"line":61,"column":69}},"28":{"start":{"line":65,"column":19},"end":{"line":65,"column":30}},"29":{"start":{"line":66,"column":21},"end":{"line":66,"column":34}},"30":{"start":{"line":67,"column":22},"end":{"line":67,"column":56}},"31":{"start":{"line":68,"column":30},"end":{"line":68,"column":35}},"32":{"start":{"line":69,"column":22},"end":{"line":69,"column":56}},"33":{"start":{"line":70,"column":20},"end":{"line":70,"column":40}},"34":{"start":{"line":73,"column":4},"end":{"line":83,"column":5}},"35":{"start":{"line":74,"column":35},"end":{"line":78,"column":17}},"36":{"start":{"line":80,"column":6},"end":{"line":82,"column":7}},"37":{"start":{"line":81,"column":8},"end":{"line":81,"column":63}},"38":{"start":{"line":85,"column":4},"end":{"line":85,"column":31}},"39":{"start":{"line":87,"column":4},"end":{"line":87,"column":51}},"40":{"start":{"line":88,"column":4},"end":{"line":88,"column":72}},"41":{"start":{"line":93,"column":0},"end":{"line":108,"column":3}},"42":{"start":{"line":94,"column":21},"end":{"line":94,"column":47}},"43":{"start":{"line":95,"column":2},"end":{"line":97,"column":3}},"44":{"start":{"line":96,"column":4},"end":{"line":96,"column":116}},"45":{"start":{"line":98,"column":17},"end":{"line":98,"column":27}},"46":{"start":{"line":100,"column":2},"end":{"line":107,"column":3}},"47":{"start":{"line":101,"column":25},"end":{"line":101,"column":45}},"48":{"start":{"line":102,"column":4},"end":{"line":102,"column":63}},"49":{"start":{"line":103,"column":4},"end":{"line":103,"column":55}},"50":{"start":{"line":105,"column":4},"end":{"line":105,"column":55}},"51":{"start":{"line":106,"column":4},"end":{"line":106,"column":92}},"52":{"start":{"line":111,"column":0},"end":{"line":131,"column":3}},"53":{"start":{"line":112,"column":21},"end":{"line":112,"column":47}},"54":{"start":{"line":113,"column":2},"end":{"line":115,"column":3}},"55":{"start":{"line":114,"column":4},"end":{"line":114,"column":114}},"56":{"start":{"line":116,"column":17},"end":{"line":116,"column":27}},"57":{"start":{"line":117,"column":21},"end":{"line":117,"column":29}},"58":{"start":{"line":119,"column":2},"end":{"line":121,"column":3}},"59":{"start":{"line":120,"column":4},"end":{"line":120,"column":77}},"60":{"start":{"line":123,"column":2},"end":{"line":130,"column":3}},"61":{"start":{"line":124,"column":25},"end":{"line":124,"column":45}},"62":{"start":{"line":125,"column":4},"end":{"line":125,"column":70}},"63":{"start":{"line":126,"column":4},"end":{"line":126,"column":53}},"64":{"start":{"line":128,"column":4},"end":{"line":128,"column":54}},"65":{"start":{"line":129,"column":4},"end":{"line":129,"column":82}},"66":{"start":{"line":134,"column":0},"end":{"line":149,"column":3}},"67":{"start":{"line":135,"column":21},"end":{"line":135,"column":47}},"68":{"start":{"line":136,"column":2},"end":{"line":138,"column":3}},"69":{"start":{"line":137,"column":4},"end":{"line":137,"column":119}},"70":{"start":{"line":139,"column":17},"end":{"line":139,"column":27}},"71":{"start":{"line":141,"column":2},"end":{"line":148,"column":3}},"72":{"start":{"line":142,"column":25},"end":{"line":142,"column":45}},"73":{"start":{"line":143,"column":4},"end":{"line":143,"column":60}},"74":{"start":{"line":144,"column":4},"end":{"line":144,"column":51}},"75":{"start":{"line":146,"column":4},"end":{"line":146,"column":52}},"76":{"start":{"line":147,"column":4},"end":{"line":147,"column":92}},"77":{"start":{"line":152,"column":0},"end":{"line":167,"column":3}},"78":{"start":{"line":153,"column":21},"end":{"line":153,"column":47}},"79":{"start":{"line":154,"column":2},"end":{"line":156,"column":3}},"80":{"start":{"line":155,"column":4},"end":{"line":155,"column":96}},"81":{"start":{"line":157,"column":17},"end":{"line":157,"column":27}},"82":{"start":{"line":159,"column":2},"end":{"line":166,"column":3}},"83":{"start":{"line":160,"column":25},"end":{"line":160,"column":45}},"84":{"start":{"line":161,"column":4},"end":{"line":161,"column":61}},"85":{"start":{"line":162,"column":4},"end":{"line":162,"column":55}},"86":{"start":{"line":164,"column":4},"end":{"line":164,"column":57}},"87":{"start":{"line":165,"column":4},"end":{"line":165,"column":91}},"88":{"start":{"line":170,"column":0},"end":{"line":185,"column":3}},"89":{"start":{"line":171,"column":21},"end":{"line":171,"column":47}},"90":{"start":{"line":172,"column":2},"end":{"line":174,"column":3}},"91":{"start":{"line":173,"column":4},"end":{"line":173,"column":105}},"92":{"start":{"line":175,"column":17},"end":{"line":175,"column":27}},"93":{"start":{"line":177,"column":2},"end":{"line":184,"column":3}},"94":{"start":{"line":178,"column":25},"end":{"line":178,"column":45}},"95":{"start":{"line":179,"column":4},"end":{"line":179,"column":55}},"96":{"start":{"line":180,"column":4},"end":{"line":180,"column":55}},"97":{"start":{"line":182,"column":4},"end":{"line":182,"column":48}},"98":{"start":{"line":183,"column":4},"end":{"line":183,"column":92}},"99":{"start":{"line":188,"column":0},"end":{"line":203,"column":3}},"100":{"start":{"line":189,"column":21},"end":{"line":189,"column":47}},"101":{"start":{"line":190,"column":2},"end":{"line":192,"column":3}},"102":{"start":{"line":191,"column":4},"end":{"line":191,"column":102}},"103":{"start":{"line":193,"column":17},"end":{"line":193,"column":27}},"104":{"start":{"line":195,"column":2},"end":{"line":202,"column":3}},"105":{"start":{"line":196,"column":25},"end":{"line":196,"column":45}},"106":{"start":{"line":197,"column":4},"end":{"line":197,"column":60}},"107":{"start":{"line":198,"column":4},"end":{"line":198,"column":52}},"108":{"start":{"line":200,"column":4},"end":{"line":200,"column":49}},"109":{"start":{"line":201,"column":4},"end":{"line":201,"column":89}},"110":{"start":{"line":206,"column":0},"end":{"line":221,"column":3}},"111":{"start":{"line":207,"column":21},"end":{"line":207,"column":47}},"112":{"start":{"line":208,"column":2},"end":{"line":210,"column":3}},"113":{"start":{"line":209,"column":4},"end":{"line":209,"column":109}},"114":{"start":{"line":211,"column":17},"end":{"line":211,"column":27}},"115":{"start":{"line":213,"column":2},"end":{"line":220,"column":3}},"116":{"start":{"line":214,"column":25},"end":{"line":214,"column":45}},"117":{"start":{"line":215,"column":4},"end":{"line":215,"column":62}},"118":{"start":{"line":216,"column":4},"end":{"line":216,"column":56}},"119":{"start":{"line":218,"column":4},"end":{"line":218,"column":58}},"120":{"start":{"line":219,"column":4},"end":{"line":219,"column":105}},"121":{"start":{"line":223,"column":13},"end":{"line":223,"column":35}}},"fnMap":{"0":{"name":"createOrderService","decl":{"start":{"line":20,"column":9},"end":{"line":20,"column":27}},"loc":{"start":{"line":20,"column":27},"end":{"line":28,"column":1}}},"1":{"name":"(anonymous_1)","decl":{"start":{"line":31,"column":17},"end":{"line":31,"column":22}},"loc":{"start":{"line":31,"column":59},"end":{"line":45,"column":1}}},"2":{"name":"(anonymous_2)","decl":{"start":{"line":48,"column":19},"end":{"line":48,"column":24}},"loc":{"start":{"line":48,"column":61},"end":{"line":90,"column":1}}},"3":{"name":"(anonymous_3)","decl":{"start":{"line":93,"column":54},"end":{"line":93,"column":59}},"loc":{"start":{"line":93,"column":96},"end":{"line":108,"column":1}}},"4":{"name":"(anonymous_4)","decl":{"start":{"line":111,"column":53},"end":{"line":111,"column":58}},"loc":{"start":{"line":111,"column":95},"end":{"line":131,"column":1}}},"5":{"name":"(anonymous_5)","decl":{"start":{"line":134,"column":52},"end":{"line":134,"column":57}},"loc":{"start":{"line":134,"column":94},"end":{"line":149,"column":1}}},"6":{"name":"(anonymous_6)","decl":{"start":{"line":152,"column":53},"end":{"line":152,"column":58}},"loc":{"start":{"line":152,"column":95},"end":{"line":167,"column":1}}},"7":{"name":"(anonymous_7)","decl":{"start":{"line":170,"column":53},"end":{"line":170,"column":58}},"loc":{"start":{"line":170,"column":95},"end":{"line":185,"column":1}}},"8":{"name":"(anonymous_8)","decl":{"start":{"line":188,"column":54},"end":{"line":188,"column":59}},"loc":{"start":{"line":188,"column":96},"end":{"line":203,"column":1}}},"9":{"name":"(anonymous_9)","decl":{"start":{"line":206,"column":63},"end":{"line":206,"column":68}},"loc":{"start":{"line":206,"column":105},"end":{"line":221,"column":1}}}},"branchMap":{"0":{"loc":{"start":{"line":43,"column":41},"end":{"line":43,"column":99}},"type":"binary-expr","locations":[{"start":{"line":43,"column":41},"end":{"line":43,"column":52}},{"start":{"line":43,"column":56},"end":{"line":43,"column":99}}]},"1":{"loc":{"start":{"line":60,"column":4},"end":{"line":62,"column":5}},"type":"if","locations":[{"start":{"line":60,"column":4},"end":{"line":62,"column":5}}]},"2":{"loc":{"start":{"line":60,"column":8},"end":{"line":60,"column":23}},"type":"binary-expr","locations":[{"start":{"line":60,"column":8},"end":{"line":60,"column":13}},{"start":{"line":60,"column":17},"end":{"line":60,"column":23}}]},"3":{"loc":{"start":{"line":73,"column":4},"end":{"line":83,"column":5}},"type":"if","locations":[{"start":{"line":73,"column":4},"end":{"line":83,"column":5}}]},"4":{"loc":{"start":{"line":73,"column":8},"end":{"line":73,"column":42}},"type":"binary-expr","locations":[{"start":{"line":73,"column":8},"end":{"line":73,"column":17}},{"start":{"line":73,"column":21},"end":{"line":73,"column":30}},{"start":{"line":73,"column":34},"end":{"line":73,"column":42}}]},"5":{"loc":{"start":{"line":80,"column":6},"end":{"line":82,"column":7}},"type":"if","locations":[{"start":{"line":80,"column":6},"end":{"line":82,"column":7}}]},"6":{"loc":{"start":{"line":80,"column":10},"end":{"line":80,"column":64}},"type":"binary-expr","locations":[{"start":{"line":80,"column":10},"end":{"line":80,"column":21}},{"start":{"line":80,"column":26},"end":{"line":80,"column":64}}]},"7":{"loc":{"start":{"line":95,"column":2},"end":{"line":97,"column":3}},"type":"if","locations":[{"start":{"line":95,"column":2},"end":{"line":97,"column":3}}]},"8":{"loc":{"start":{"line":95,"column":6},"end":{"line":95,"column":63}},"type":"binary-expr","locations":[{"start":{"line":95,"column":6},"end":{"line":95,"column":35}},{"start":{"line":95,"column":39},"end":{"line":95,"column":63}}]},"9":{"loc":{"start":{"line":106,"column":41},"end":{"line":106,"column":88}},"type":"binary-expr","locations":[{"start":{"line":106,"column":41},"end":{"line":106,"column":52}},{"start":{"line":106,"column":56},"end":{"line":106,"column":88}}]},"10":{"loc":{"start":{"line":113,"column":2},"end":{"line":115,"column":3}},"type":"if","locations":[{"start":{"line":113,"column":2},"end":{"line":115,"column":3}}]},"11":{"loc":{"start":{"line":113,"column":6},"end":{"line":113,"column":63}},"type":"binary-expr","locations":[{"start":{"line":113,"column":6},"end":{"line":113,"column":35}},{"start":{"line":113,"column":39},"end":{"line":113,"column":63}}]},"12":{"loc":{"start":{"line":119,"column":2},"end":{"line":121,"column":3}},"type":"if","locations":[{"start":{"line":119,"column":2},"end":{"line":121,"column":3}}]},"13":{"loc":{"start":{"line":129,"column":41},"end":{"line":129,"column":78}},"type":"binary-expr","locations":[{"start":{"line":129,"column":41},"end":{"line":129,"column":52}},{"start":{"line":129,"column":56},"end":{"line":129,"column":78}}]},"14":{"loc":{"start":{"line":136,"column":2},"end":{"line":138,"column":3}},"type":"if","locations":[{"start":{"line":136,"column":2},"end":{"line":138,"column":3}}]},"15":{"loc":{"start":{"line":136,"column":6},"end":{"line":136,"column":63}},"type":"binary-expr","locations":[{"start":{"line":136,"column":6},"end":{"line":136,"column":35}},{"start":{"line":136,"column":39},"end":{"line":136,"column":63}}]},"16":{"loc":{"start":{"line":147,"column":41},"end":{"line":147,"column":88}},"type":"binary-expr","locations":[{"start":{"line":147,"column":41},"end":{"line":147,"column":52}},{"start":{"line":147,"column":56},"end":{"line":147,"column":88}}]},"17":{"loc":{"start":{"line":154,"column":2},"end":{"line":156,"column":3}},"type":"if","locations":[{"start":{"line":154,"column":2},"end":{"line":156,"column":3}}]},"18":{"loc":{"start":{"line":154,"column":6},"end":{"line":154,"column":54}},"type":"binary-expr","locations":[{"start":{"line":154,"column":6},"end":{"line":154,"column":26}},{"start":{"line":154,"column":30},"end":{"line":154,"column":54}}]},"19":{"loc":{"start":{"line":165,"column":41},"end":{"line":165,"column":87}},"type":"binary-expr","locations":[{"start":{"line":165,"column":41},"end":{"line":165,"column":52}},{"start":{"line":165,"column":56},"end":{"line":165,"column":87}}]},"20":{"loc":{"start":{"line":172,"column":2},"end":{"line":174,"column":3}},"type":"if","locations":[{"start":{"line":172,"column":2},"end":{"line":174,"column":3}}]},"21":{"loc":{"start":{"line":172,"column":6},"end":{"line":172,"column":54}},"type":"binary-expr","locations":[{"start":{"line":172,"column":6},"end":{"line":172,"column":26}},{"start":{"line":172,"column":30},"end":{"line":172,"column":54}}]},"22":{"loc":{"start":{"line":183,"column":41},"end":{"line":183,"column":88}},"type":"binary-expr","locations":[{"start":{"line":183,"column":41},"end":{"line":183,"column":52}},{"start":{"line":183,"column":56},"end":{"line":183,"column":88}}]},"23":{"loc":{"start":{"line":190,"column":2},"end":{"line":192,"column":3}},"type":"if","locations":[{"start":{"line":190,"column":2},"end":{"line":192,"column":3}}]},"24":{"loc":{"start":{"line":190,"column":6},"end":{"line":190,"column":54}},"type":"binary-expr","locations":[{"start":{"line":190,"column":6},"end":{"line":190,"column":26}},{"start":{"line":190,"column":30},"end":{"line":190,"column":54}}]},"25":{"loc":{"start":{"line":201,"column":41},"end":{"line":201,"column":85}},"type":"binary-expr","locations":[{"start":{"line":201,"column":41},"end":{"line":201,"column":52}},{"start":{"line":201,"column":56},"end":{"line":201,"column":85}}]},"26":{"loc":{"start":{"line":208,"column":2},"end":{"line":210,"column":3}},"type":"if","locations":[{"start":{"line":208,"column":2},"end":{"line":210,"column":3}}]},"27":{"loc":{"start":{"line":208,"column":6},"end":{"line":208,"column":54}},"type":"binary-expr","locations":[{"start":{"line":208,"column":6},"end":{"line":208,"column":26}},{"start":{"line":208,"column":30},"end":{"line":208,"column":54}}]},"28":{"loc":{"start":{"line":219,"column":41},"end":{"line":219,"column":101}},"type":"binary-expr","locations":[{"start":{"line":219,"column":41},"end":{"line":219,"column":52}},{"start":{"line":219,"column":56},"end":{"line":219,"column":101}}]}},"s":{"0":1,"1":1,"2":1,"3":1,"4":1,"5":1,"6":1,"7":1,"8":1,"9":1,"10":1,"11":1,"12":2,"13":1,"14":0,"15":0,"16":0,"17":0,"18":0,"19":0,"20":0,"21":1,"22":0,"23":0,"24":0,"25":0,"26":0,"27":0,"28":0,"29":0,"30":0,"31":0,"32":0,"33":0,"34":0,"35":0,"36":0,"37":0,"38":0,"39":0,"40":0,"41":1,"42":1,"43":1,"44":0,"45":1,"46":1,"47":1,"48":1,"49":1,"50":0,"51":0,"52":1,"53":0,"54":0,"55":0,"56":0,"57":0,"58":0,"59":0,"60":0,"61":0,"62":0,"63":0,"64":0,"65":0,"66":1,"67":1,"68":1,"69":1,"70":0,"71":0,"72":0,"73":0,"74":0,"75":0,"76":0,"77":1,"78":1,"79":1,"80":0,"81":1,"82":1,"83":1,"84":1,"85":1,"86":0,"87":0,"88":1,"89":0,"90":0,"91":0,"92":0,"93":0,"94":0,"95":0,"96":0,"97":0,"98":0,"99":1,"100":0,"101":0,"102":0,"103":0,"104":0,"105":0,"106":0,"107":0,"108":0,"109":0,"110":1,"111":1,"112":1,"113":1,"114":0,"115":0,"116":0,"117":0,"118":0,"119":0,"120":0,"121":1},"f":{"0":2,"1":0,"2":0,"3":1,"4":0,"5":1,"6":1,"7":0,"8":0,"9":1},"b":{"0":[0,0],"1":[0],"2":[0,0],"3":[0],"4":[0,0,0],"5":[0],"6":[0,0],"7":[0],"8":[1,1],"9":[0,0],"10":[0],"11":[0,0],"12":[0],"13":[0,0],"14":[1],"15":[1,1],"16":[0,0],"17":[0],"18":[1,0],"19":[0,0],"20":[0],"21":[0,0],"22":[0,0],"23":[0],"24":[0,0],"25":[0,0],"26":[1],"27":[1,1],"28":[0,0]}}
,"C:\\Users\\melvi\\Desktop\\Programation_project\\Application_Nyama-Express\\djossfood\\apps\\api\\src\\services\\driverMatchingService.ts": {"path":"C:\\Users\\melvi\\Desktop\\Programation_project\\Application_Nyama-Express\\djossfood\\apps\\api\\src\\services\\driverMatchingService.ts","statementMap":{"0":{"start":{"line":1,"column":0},"end":{"line":1,"column":54}},"1":{"start":{"line":2,"column":0},"end":{"line":2,"column":60}},"2":{"start":{"line":3,"column":0},"end":{"line":3,"column":null}},"3":{"start":{"line":9,"column":21},"end":{"line":9,"column":39}},"4":{"start":{"line":10,"column":32},"end":{"line":10,"column":57}},"5":{"start":{"line":14,"column":37},"end":{"line":17,"column":6}},"6":{"start":{"line":19,"column":4},"end":{"line":19,"column":47}},"7":{"start":{"line":19,"column":35},"end":{"line":19,"column":47}},"8":{"start":{"line":22,"column":19},"end":{"line":22,"column":29}},"9":{"start":{"line":25,"column":33},"end":{"line":29,"column":15}},"10":{"start":{"line":31,"column":21},"end":{"line":33,"column":null}},"11":{"start":{"line":36,"column":4},"end":{"line":41,"column":7}},"12":{"start":{"line":43,"column":4},"end":{"line":43,"column":18}},"13":{"start":{"line":47,"column":4},"end":{"line":47,"column":84}},"14":{"start":{"line":8,"column":0},"end":{"line":8,"column":13}}},"fnMap":{"0":{"name":"(anonymous_0)","decl":{"start":{"line":12,"column":2},"end":{"line":12,"column":7}},"loc":{"start":{"line":12,"column":92},"end":{"line":44,"column":3}}},"1":{"name":"(anonymous_1)","decl":{"start":{"line":46,"column":2},"end":{"line":46,"column":7}},"loc":{"start":{"line":46,"column":58},"end":{"line":48,"column":3}}}},"branchMap":{"0":{"loc":{"start":{"line":12,"column":58},"end":{"line":12,"column":92}},"type":"default-arg","locations":[{"start":{"line":12,"column":69},"end":{"line":12,"column":92}}]},"1":{"loc":{"start":{"line":19,"column":4},"end":{"line":19,"column":47}},"type":"if","locations":[{"start":{"line":19,"column":4},"end":{"line":19,"column":47}}]},"2":{"loc":{"start":{"line":19,"column":8},"end":{"line":19,"column":33}},"type":"binary-expr","locations":[{"start":{"line":19,"column":8},"end":{"line":19,"column":13}},{"start":{"line":19,"column":17},"end":{"line":19,"column":33}}]},"3":{"loc":{"start":{"line":32,"column":6},"end":{"line":32,"column":38}},"type":"binary-expr","locations":[{"start":{"line":32,"column":6},"end":{"line":32,"column":22}},{"start":{"line":32,"column":26},"end":{"line":32,"column":38}}]}},"s":{"0":2,"1":2,"2":2,"3":4,"4":4,"5":0,"6":0,"7":0,"8":0,"9":0,"10":0,"11":0,"12":0,"13":0,"14":2},"f":{"0":0,"1":0},"b":{"0":[0],"1":[0],"2":[0,0],"3":[0,0]}}
,"C:\\Users\\melvi\\Desktop\\Programation_project\\Application_Nyama-Express\\djossfood\\apps\\api\\src\\services\\notificationService.ts": {"path":"C:\\Users\\melvi\\Desktop\\Programation_project\\Application_Nyama-Express\\djossfood\\apps\\api\\src\\services\\notificationService.ts","statementMap":{"0":{"start":{"line":1,"column":0},"end":{"line":1,"column":56}},"1":{"start":{"line":3,"column":0},"end":{"line":3,"column":54}},"2":{"start":{"line":19,"column":52},"end":{"line":19,"column":56}},"3":{"start":{"line":22,"column":4},"end":{"line":22,"column":27}},"4":{"start":{"line":27,"column":4},"end":{"line":27,"column":35}},"5":{"start":{"line":31,"column":4},"end":{"line":31,"column":55}},"6":{"start":{"line":43,"column":42},"end":{"line":43,"column":48}},"7":{"start":{"line":46,"column":37},"end":{"line":50,"column":15}},"8":{"start":{"line":52,"column":4},"end":{"line":55,"column":5}},"9":{"start":{"line":53,"column":6},"end":{"line":53,"column":86}},"10":{"start":{"line":54,"column":6},"end":{"line":54,"column":19}},"11":{"start":{"line":57,"column":22},"end":{"line":57,"column":45}},"12":{"start":{"line":60,"column":4},"end":{"line":62,"column":5}},"13":{"start":{"line":61,"column":6},"end":{"line":61,"column":19}},"14":{"start":{"line":64,"column":4},"end":{"line":66,"column":5}},"15":{"start":{"line":65,"column":6},"end":{"line":65,"column":19}},"16":{"start":{"line":69,"column":37},"end":{"line":74,"column":6}},"17":{"start":{"line":76,"column":4},"end":{"line":98,"column":5}},"18":{"start":{"line":77,"column":22},"end":{"line":77,"column":75}},"19":{"start":{"line":78,"column":21},"end":{"line":78,"column":31}},"20":{"start":{"line":79,"column":23},"end":{"line":79,"column":108}},"21":{"start":{"line":82,"column":6},"end":{"line":92,"column":7}},"22":{"start":{"line":83,"column":8},"end":{"line":89,"column":11}},"23":{"start":{"line":91,"column":8},"end":{"line":91,"column":77}},"24":{"start":{"line":94,"column":6},"end":{"line":94,"column":18}},"25":{"start":{"line":96,"column":6},"end":{"line":96,"column":77}},"26":{"start":{"line":97,"column":6},"end":{"line":97,"column":19}},"27":{"start":{"line":102,"column":23},"end":{"line":147,"column":4}},"28":{"start":{"line":103,"column":63},"end":{"line":106,"column":6}},"29":{"start":{"line":108,"column":72},"end":{"line":111,"column":6}},"30":{"start":{"line":113,"column":57},"end":{"line":116,"column":6}},"31":{"start":{"line":118,"column":70},"end":{"line":121,"column":6}},"32":{"start":{"line":123,"column":81},"end":{"line":126,"column":6}},"33":{"start":{"line":128,"column":51},"end":{"line":131,"column":6}},"34":{"start":{"line":133,"column":50},"end":{"line":136,"column":6}},"35":{"start":{"line":138,"column":93},"end":{"line":141,"column":6}},"36":{"start":{"line":143,"column":67},"end":{"line":146,"column":6}},"37":{"start":{"line":17,"column":0},"end":{"line":17,"column":13}},"38":{"start":{"line":151,"column":13},"end":{"line":151,"column":61}}},"fnMap":{"0":{"name":"(anonymous_0)","decl":{"start":{"line":21,"column":2},"end":{"line":21,"column":null}},"loc":{"start":{"line":21,"column":2},"end":{"line":23,"column":3}}},"1":{"name":"(anonymous_1)","decl":{"start":{"line":26,"column":2},"end":{"line":26,"column":17}},"loc":{"start":{"line":26,"column":40},"end":{"line":28,"column":3}}},"2":{"name":"(anonymous_2)","decl":{"start":{"line":30,"column":2},"end":{"line":30,"column":14}},"loc":{"start":{"line":30,"column":22},"end":{"line":32,"column":3}}},"3":{"name":"(anonymous_3)","decl":{"start":{"line":42,"column":2},"end":{"line":42,"column":7}},"loc":{"start":{"line":42,"column":59},"end":{"line":99,"column":3}}},"4":{"name":"(anonymous_4)","decl":{"start":{"line":103,"column":15},"end":{"line":103,"column":16}},"loc":{"start":{"line":103,"column":63},"end":{"line":106,"column":6}}},"5":{"name":"(anonymous_5)","decl":{"start":{"line":108,"column":21},"end":{"line":108,"column":22}},"loc":{"start":{"line":108,"column":72},"end":{"line":111,"column":6}}},"6":{"name":"(anonymous_6)","decl":{"start":{"line":113,"column":28},"end":{"line":113,"column":53}},"loc":{"start":{"line":113,"column":57},"end":{"line":116,"column":6}}},"7":{"name":"(anonymous_7)","decl":{"start":{"line":118,"column":27},"end":{"line":118,"column":28}},"loc":{"start":{"line":118,"column":70},"end":{"line":121,"column":6}}},"8":{"name":"(anonymous_8)","decl":{"start":{"line":123,"column":18},"end":{"line":123,"column":19}},"loc":{"start":{"line":123,"column":81},"end":{"line":126,"column":6}}},"9":{"name":"(anonymous_9)","decl":{"start":{"line":128,"column":22},"end":{"line":128,"column":47}},"loc":{"start":{"line":128,"column":51},"end":{"line":131,"column":6}}},"10":{"name":"(anonymous_10)","decl":{"start":{"line":133,"column":21},"end":{"line":133,"column":46}},"loc":{"start":{"line":133,"column":50},"end":{"line":136,"column":6}}},"11":{"name":"(anonymous_11)","decl":{"start":{"line":138,"column":22},"end":{"line":138,"column":23}},"loc":{"start":{"line":138,"column":93},"end":{"line":141,"column":6}}},"12":{"name":"(anonymous_12)","decl":{"start":{"line":143,"column":16},"end":{"line":143,"column":17}},"loc":{"start":{"line":143,"column":67},"end":{"line":146,"column":6}}}},"branchMap":{"0":{"loc":{"start":{"line":31,"column":11},"end":{"line":31,"column":54}},"type":"binary-expr","locations":[{"start":{"line":31,"column":11},"end":{"line":31,"column":32}},{"start":{"line":31,"column":36},"end":{"line":31,"column":54}}]},"1":{"loc":{"start":{"line":52,"column":4},"end":{"line":55,"column":5}},"type":"if","locations":[{"start":{"line":52,"column":4},"end":{"line":55,"column":5}}]},"2":{"loc":{"start":{"line":52,"column":8},"end":{"line":52,"column":25}},"type":"binary-expr","locations":[{"start":{"line":52,"column":8},"end":{"line":52,"column":13}},{"start":{"line":52,"column":17},"end":{"line":52,"column":25}}]},"3":{"loc":{"start":{"line":60,"column":4},"end":{"line":62,"column":5}},"type":"if","locations":[{"start":{"line":60,"column":4},"end":{"line":62,"column":5}}]},"4":{"loc":{"start":{"line":64,"column":4},"end":{"line":66,"column":5}},"type":"if","locations":[{"start":{"line":64,"column":4},"end":{"line":66,"column":5}}]},"5":{"loc":{"start":{"line":73,"column":12},"end":{"line":73,"column":22}},"type":"binary-expr","locations":[{"start":{"line":73,"column":12},"end":{"line":73,"column":16}},{"start":{"line":73,"column":20},"end":{"line":73,"column":22}}]},"6":{"loc":{"start":{"line":79,"column":23},"end":{"line":79,"column":108}},"type":"cond-expr","locations":[{"start":{"line":79,"column":59},"end":{"line":79,"column":101}},{"start":{"line":79,"column":104},"end":{"line":79,"column":108}}]},"7":{"loc":{"start":{"line":79,"column":23},"end":{"line":79,"column":55}},"type":"binary-expr","locations":[{"start":{"line":79,"column":23},"end":{"line":79,"column":29}},{"start":{"line":79,"column":33},"end":{"line":79,"column":55}}]},"8":{"loc":{"start":{"line":87,"column":16},"end":{"line":87,"column":28}},"type":"binary-expr","locations":[{"start":{"line":87,"column":16},"end":{"line":87,"column":20}},{"start":{"line":87,"column":24},"end":{"line":87,"column":28}}]}},"s":{"0":3,"1":3,"2":25,"3":25,"4":14,"5":8,"6":7,"7":7,"8":7,"9":3,"10":3,"11":4,"12":4,"13":1,"14":3,"15":1,"16":2,"17":2,"18":2,"19":1,"20":1,"21":1,"22":1,"23":0,"24":1,"25":1,"26":1,"27":25,"28":1,"29":2,"30":1,"31":1,"32":2,"33":1,"34":1,"35":1,"36":1,"37":3,"38":3},"f":{"0":25,"1":14,"2":8,"3":7,"4":1,"5":2,"6":1,"7":1,"8":2,"9":1,"10":1,"11":1,"12":1},"b":{"0":[8,2],"1":[3],"2":[7,6],"3":[1],"4":[1],"5":[2,2],"6":[1,0],"7":[1,1],"8":[1,1]}}
,"C:\\Users\\melvi\\Desktop\\Programation_project\\Application_Nyama-Express\\djossfood\\apps\\api\\src\\services\\orderService.ts": {"path":"C:\\Users\\melvi\\Desktop\\Programation_project\\Application_Nyama-Express\\djossfood\\apps\\api\\src\\services\\orderService.ts","statementMap":{"0":{"start":{"line":2,"column":0},"end":{"line":2,"column":54}},"1":{"start":{"line":3,"column":0},"end":{"line":3,"column":null}},"2":{"start":{"line":74,"column":52},"end":{"line":74,"column":56}},"3":{"start":{"line":77,"column":12},"end":{"line":77,"column":42}},"4":{"start":{"line":78,"column":12},"end":{"line":78,"column":52}},"5":{"start":{"line":79,"column":12},"end":{"line":79,"column":42}},"6":{"start":{"line":80,"column":12},"end":{"line":80,"column":56}},"7":{"start":{"line":81,"column":12},"end":{"line":81,"column":42}},"8":{"start":{"line":82,"column":12},"end":{"line":82,"column":39}},"9":{"start":{"line":87,"column":4},"end":{"line":87,"column":35}},"10":{"start":{"line":92,"column":4},"end":{"line":92,"column":17}},"11":{"start":{"line":96,"column":4},"end":{"line":96,"column":55}},"12":{"start":{"line":105,"column":24},"end":{"line":105,"column":61}},"13":{"start":{"line":105,"column":46},"end":{"line":105,"column":60}},"14":{"start":{"line":106,"column":50},"end":{"line":109,"column":28}},"15":{"start":{"line":111,"column":4},"end":{"line":113,"column":5}},"16":{"start":{"line":112,"column":6},"end":{"line":112,"column":70}},"17":{"start":{"line":116,"column":21},"end":{"line":116,"column":48}},"18":{"start":{"line":117,"column":4},"end":{"line":119,"column":5}},"19":{"start":{"line":118,"column":6},"end":{"line":118,"column":42}},"20":{"start":{"line":121,"column":19},"end":{"line":121,"column":20}},"21":{"start":{"line":129,"column":9},"end":{"line":129,"column":11}},"22":{"start":{"line":131,"column":4},"end":{"line":143,"column":5}},"23":{"start":{"line":132,"column":23},"end":{"line":132,"column":55}},"24":{"start":{"line":133,"column":27},"end":{"line":133,"column":57}},"25":{"start":{"line":134,"column":6},"end":{"line":134,"column":31}},"26":{"start":{"line":135,"column":6},"end":{"line":142,"column":9}},"27":{"start":{"line":146,"column":51},"end":{"line":150,"column":15}},"28":{"start":{"line":152,"column":4},"end":{"line":154,"column":5}},"29":{"start":{"line":153,"column":6},"end":{"line":153,"column":47}},"30":{"start":{"line":156,"column":32},"end":{"line":156,"column":60}},"31":{"start":{"line":157,"column":24},"end":{"line":157,"column":46}},"32":{"start":{"line":158,"column":30},"end":{"line":158,"column":74}},"33":{"start":{"line":161,"column":26},"end":{"line":167,"column":6}},"34":{"start":{"line":169,"column":4},"end":{"line":171,"column":5}},"35":{"start":{"line":170,"column":6},"end":{"line":170,"column":41}},"36":{"start":{"line":174,"column":22},"end":{"line":174,"column":75}},"37":{"start":{"line":176,"column":47},"end":{"line":203,"column":15}},"38":{"start":{"line":205,"column":4},"end":{"line":207,"column":5}},"39":{"start":{"line":206,"column":6},"end":{"line":206,"column":67}},"40":{"start":{"line":209,"column":28},"end":{"line":209,"column":36}},"41":{"start":{"line":212,"column":34},"end":{"line":215,"column":7}},"42":{"start":{"line":212,"column":62},"end":{"line":215,"column":6}},"43":{"start":{"line":217,"column":4},"end":{"line":217,"column":74}},"44":{"start":{"line":220,"column":21},"end":{"line":221,"column":null}},"45":{"start":{"line":223,"column":4},"end":{"line":228,"column":7}},"46":{"start":{"line":231,"column":25},"end":{"line":231,"column":80}},"47":{"start":{"line":234,"column":4},"end":{"line":237,"column":25}},"48":{"start":{"line":240,"column":4},"end":{"line":240,"column":116}},"49":{"start":{"line":242,"column":4},"end":{"line":242,"column":26}},"50":{"start":{"line":250,"column":35},"end":{"line":254,"column":15}},"51":{"start":{"line":256,"column":4},"end":{"line":259,"column":5}},"52":{"start":{"line":257,"column":6},"end":{"line":257,"column":71}},"53":{"start":{"line":258,"column":6},"end":{"line":258,"column":13}},"54":{"start":{"line":262,"column":4},"end":{"line":264,"column":5}},"55":{"start":{"line":263,"column":6},"end":{"line":263,"column":13}},"56":{"start":{"line":267,"column":4},"end":{"line":273,"column":25}},"57":{"start":{"line":276,"column":4},"end":{"line":278,"column":5}},"58":{"start":{"line":277,"column":6},"end":{"line":277,"column":82}},"59":{"start":{"line":281,"column":21},"end":{"line":281,"column":80}},"60":{"start":{"line":282,"column":4},"end":{"line":287,"column":7}},"61":{"start":{"line":290,"column":4},"end":{"line":293,"column":7}},"62":{"start":{"line":297,"column":28},"end":{"line":297,"column":113}},"63":{"start":{"line":298,"column":4},"end":{"line":298,"column":56}},"64":{"start":{"line":298,"column":16},"end":{"line":298,"column":56}},"65":{"start":{"line":299,"column":33},"end":{"line":299,"column":139}},"66":{"start":{"line":300,"column":4},"end":{"line":302,"column":5}},"67":{"start":{"line":301,"column":6},"end":{"line":301,"column":44}},"68":{"start":{"line":310,"column":4},"end":{"line":310,"column":69}},"69":{"start":{"line":313,"column":47},"end":{"line":317,"column":15}},"70":{"start":{"line":319,"column":4},"end":{"line":321,"column":5}},"71":{"start":{"line":320,"column":6},"end":{"line":320,"column":46}},"72":{"start":{"line":324,"column":51},"end":{"line":328,"column":15}},"73":{"start":{"line":330,"column":4},"end":{"line":332,"column":5}},"74":{"start":{"line":331,"column":6},"end":{"line":331,"column":47}},"75":{"start":{"line":334,"column":4},"end":{"line":336,"column":5}},"76":{"start":{"line":335,"column":6},"end":{"line":335,"column":60}},"77":{"start":{"line":339,"column":27},"end":{"line":339,"column":52}},"78":{"start":{"line":340,"column":28},"end":{"line":340,"column":64}},"79":{"start":{"line":341,"column":4},"end":{"line":343,"column":5}},"80":{"start":{"line":342,"column":6},"end":{"line":342,"column":71}},"81":{"start":{"line":346,"column":16},"end":{"line":346,"column":40}},"82":{"start":{"line":347,"column":4},"end":{"line":353,"column":25}},"83":{"start":{"line":355,"column":4},"end":{"line":361,"column":25}},"84":{"start":{"line":364,"column":21},"end":{"line":364,"column":97}},"85":{"start":{"line":365,"column":4},"end":{"line":370,"column":7}},"86":{"start":{"line":373,"column":4},"end":{"line":376,"column":7}},"87":{"start":{"line":384,"column":4},"end":{"line":384,"column":69}},"88":{"start":{"line":387,"column":4},"end":{"line":393,"column":25}},"89":{"start":{"line":396,"column":28},"end":{"line":400,"column":15}},"90":{"start":{"line":402,"column":4},"end":{"line":422,"column":5}},"91":{"start":{"line":404,"column":6},"end":{"line":406,"column":7}},"92":{"start":{"line":405,"column":8},"end":{"line":405,"column":84}},"93":{"start":{"line":409,"column":23},"end":{"line":409,"column":87}},"94":{"start":{"line":410,"column":6},"end":{"line":415,"column":9}},"95":{"start":{"line":418,"column":6},"end":{"line":421,"column":9}},"96":{"start":{"line":430,"column":4},"end":{"line":430,"column":69}},"97":{"start":{"line":432,"column":4},"end":{"line":438,"column":25}},"98":{"start":{"line":441,"column":28},"end":{"line":445,"column":15}},"99":{"start":{"line":447,"column":4},"end":{"line":475,"column":5}},"100":{"start":{"line":449,"column":35},"end":{"line":453,"column":17}},"101":{"start":{"line":455,"column":6},"end":{"line":460,"column":7}},"102":{"start":{"line":457,"column":8},"end":{"line":459,"column":79}},"103":{"start":{"line":459,"column":26},"end":{"line":459,"column":77}},"104":{"start":{"line":463,"column":6},"end":{"line":468,"column":9}},"105":{"start":{"line":471,"column":6},"end":{"line":474,"column":9}},"106":{"start":{"line":484,"column":49},"end":{"line":488,"column":15}},"107":{"start":{"line":490,"column":4},"end":{"line":492,"column":5}},"108":{"start":{"line":491,"column":6},"end":{"line":491,"column":44}},"109":{"start":{"line":494,"column":4},"end":{"line":496,"column":5}},"110":{"start":{"line":495,"column":6},"end":{"line":495,"column":58}},"111":{"start":{"line":499,"column":4},"end":{"line":506,"column":25}},"112":{"start":{"line":509,"column":4},"end":{"line":512,"column":26}},"113":{"start":{"line":515,"column":28},"end":{"line":519,"column":15}},"114":{"start":{"line":521,"column":4},"end":{"line":598,"column":5}},"115":{"start":{"line":523,"column":35},"end":{"line":527,"column":17}},"116":{"start":{"line":529,"column":6},"end":{"line":597,"column":7}},"117":{"start":{"line":530,"column":23},"end":{"line":530,"column":73}},"118":{"start":{"line":531,"column":28},"end":{"line":531,"column":82}},"119":{"start":{"line":533,"column":8},"end":{"line":596,"column":9}},"120":{"start":{"line":534,"column":24},"end":{"line":535,"column":null}},"121":{"start":{"line":538,"column":10},"end":{"line":575,"column":11}},"122":{"start":{"line":540,"column":12},"end":{"line":550,"column":33}},"123":{"start":{"line":553,"column":29},"end":{"line":555,"column":null}},"124":{"start":{"line":557,"column":12},"end":{"line":562,"column":15}},"125":{"start":{"line":565,"column":12},"end":{"line":571,"column":15}},"126":{"start":{"line":574,"column":12},"end":{"line":574,"column":63}},"127":{"start":{"line":577,"column":10},"end":{"line":577,"column":73}},"128":{"start":{"line":579,"column":27},"end":{"line":581,"column":null}},"129":{"start":{"line":583,"column":10},"end":{"line":588,"column":13}},"130":{"start":{"line":590,"column":10},"end":{"line":595,"column":13}},"131":{"start":{"line":606,"column":16},"end":{"line":606,"column":40}},"132":{"start":{"line":609,"column":4},"end":{"line":615,"column":25}},"133":{"start":{"line":617,"column":4},"end":{"line":622,"column":25}},"134":{"start":{"line":625,"column":28},"end":{"line":629,"column":15}},"135":{"start":{"line":631,"column":4},"end":{"line":645,"column":5}},"136":{"start":{"line":632,"column":23},"end":{"line":632,"column":76}},"137":{"start":{"line":633,"column":6},"end":{"line":638,"column":9}},"138":{"start":{"line":641,"column":6},"end":{"line":644,"column":9}},"139":{"start":{"line":653,"column":4},"end":{"line":659,"column":25}},"140":{"start":{"line":662,"column":28},"end":{"line":666,"column":15}},"141":{"start":{"line":668,"column":4},"end":{"line":686,"column":5}},"142":{"start":{"line":670,"column":23},"end":{"line":670,"column":75}},"143":{"start":{"line":671,"column":6},"end":{"line":676,"column":9}},"144":{"start":{"line":679,"column":6},"end":{"line":679,"column":72}},"145":{"start":{"line":682,"column":6},"end":{"line":685,"column":9}},"146":{"start":{"line":695,"column":35},"end":{"line":699,"column":15}},"147":{"start":{"line":701,"column":4},"end":{"line":703,"column":5}},"148":{"start":{"line":702,"column":6},"end":{"line":702,"column":46}},"149":{"start":{"line":705,"column":21},"end":{"line":705,"column":42}},"150":{"start":{"line":706,"column":4},"end":{"line":708,"column":5}},"151":{"start":{"line":707,"column":6},"end":{"line":707,"column":70}},"152":{"start":{"line":711,"column":33},"end":{"line":711,"column":59}},"153":{"start":{"line":712,"column":39},"end":{"line":712,"column":72}},"154":{"start":{"line":713,"column":28},"end":{"line":713,"column":59}},"155":{"start":{"line":716,"column":26},"end":{"line":722,"column":6}},"156":{"start":{"line":724,"column":4},"end":{"line":782,"column":5}},"157":{"start":{"line":726,"column":6},"end":{"line":736,"column":27}},"158":{"start":{"line":739,"column":32},"end":{"line":739,"column":54}},"159":{"start":{"line":740,"column":35},"end":{"line":740,"column":61}},"160":{"start":{"line":741,"column":33},"end":{"line":741,"column":83}},"161":{"start":{"line":746,"column":35},"end":{"line":746,"column":82}},"162":{"start":{"line":747,"column":31},"end":{"line":747,"column":81}},"163":{"start":{"line":750,"column":6},"end":{"line":750,"column":107}},"164":{"start":{"line":753,"column":6},"end":{"line":755,"column":7}},"165":{"start":{"line":754,"column":8},"end":{"line":754,"column":100}},"166":{"start":{"line":758,"column":6},"end":{"line":765,"column":7}},"167":{"start":{"line":759,"column":8},"end":{"line":762,"column":46}},"168":{"start":{"line":764,"column":8},"end":{"line":764,"column":63}},"169":{"start":{"line":768,"column":35},"end":{"line":772,"column":17}},"170":{"start":{"line":774,"column":29},"end":{"line":774,"column":87}},"171":{"start":{"line":775,"column":23},"end":{"line":775,"column":84}},"172":{"start":{"line":776,"column":6},"end":{"line":781,"column":9}},"173":{"start":{"line":785,"column":4},"end":{"line":788,"column":7}},"174":{"start":{"line":790,"column":4},"end":{"line":792,"column":5}},"175":{"start":{"line":791,"column":6},"end":{"line":791,"column":76}},"176":{"start":{"line":800,"column":4},"end":{"line":804,"column":5}},"177":{"start":{"line":801,"column":6},"end":{"line":801,"column":99}},"178":{"start":{"line":803,"column":6},"end":{"line":803,"column":116}},"179":{"start":{"line":808,"column":4},"end":{"line":808,"column":86}},"180":{"start":{"line":812,"column":4},"end":{"line":814,"column":5}},"181":{"start":{"line":813,"column":6},"end":{"line":813,"column":32}},"182":{"start":{"line":816,"column":4},"end":{"line":821,"column":5}},"183":{"start":{"line":817,"column":6},"end":{"line":820,"column":8}},"184":{"start":{"line":823,"column":4},"end":{"line":825,"column":5}},"185":{"start":{"line":824,"column":6},"end":{"line":824,"column":54}},"186":{"start":{"line":826,"column":4},"end":{"line":826,"column":30}},"187":{"start":{"line":73,"column":0},"end":{"line":73,"column":13}}},"fnMap":{"0":{"name":"(anonymous_0)","decl":{"start":{"line":76,"column":2},"end":{"line":76,"column":null}},"loc":{"start":{"line":82,"column":43},"end":{"line":83,"column":6}}},"1":{"name":"(anonymous_1)","decl":{"start":{"line":86,"column":2},"end":{"line":86,"column":17}},"loc":{"start":{"line":86,"column":40},"end":{"line":88,"column":3}}},"2":{"name":"(anonymous_2)","decl":{"start":{"line":91,"column":2},"end":{"line":91,"column":18}},"loc":{"start":{"line":91,"column":36},"end":{"line":93,"column":3}}},"3":{"name":"(anonymous_3)","decl":{"start":{"line":95,"column":2},"end":{"line":95,"column":14}},"loc":{"start":{"line":95,"column":22},"end":{"line":97,"column":3}}},"4":{"name":"(anonymous_4)","decl":{"start":{"line":103,"column":2},"end":{"line":103,"column":7}},"loc":{"start":{"line":103,"column":43},"end":{"line":243,"column":3}}},"5":{"name":"(anonymous_5)","decl":{"start":{"line":105,"column":39},"end":{"line":105,"column":40}},"loc":{"start":{"line":105,"column":46},"end":{"line":105,"column":60}}},"6":{"name":"(anonymous_6)","decl":{"start":{"line":212,"column":53},"end":{"line":212,"column":54}},"loc":{"start":{"line":212,"column":62},"end":{"line":215,"column":6}}},"7":{"name":"(anonymous_7)","decl":{"start":{"line":249,"column":2},"end":{"line":249,"column":7}},"loc":{"start":{"line":249,"column":42},"end":{"line":294,"column":3}}},"8":{"name":"(anonymous_8)","decl":{"start":{"line":296,"column":10},"end":{"line":296,"column":15}},"loc":{"start":{"line":296,"column":73},"end":{"line":303,"column":3}}},"9":{"name":"(anonymous_9)","decl":{"start":{"line":309,"column":2},"end":{"line":309,"column":7}},"loc":{"start":{"line":309,"column":73},"end":{"line":377,"column":3}}},"10":{"name":"(anonymous_10)","decl":{"start":{"line":383,"column":2},"end":{"line":383,"column":7}},"loc":{"start":{"line":383,"column":88},"end":{"line":423,"column":3}}},"11":{"name":"(anonymous_11)","decl":{"start":{"line":429,"column":2},"end":{"line":429,"column":7}},"loc":{"start":{"line":429,"column":70},"end":{"line":476,"column":3}}},"12":{"name":"(anonymous_12)","decl":{"start":{"line":459,"column":17},"end":{"line":459,"column":18}},"loc":{"start":{"line":459,"column":26},"end":{"line":459,"column":77}}},"13":{"name":"(anonymous_13)","decl":{"start":{"line":482,"column":2},"end":{"line":482,"column":7}},"loc":{"start":{"line":482,"column":62},"end":{"line":599,"column":3}}},"14":{"name":"(anonymous_14)","decl":{"start":{"line":605,"column":2},"end":{"line":605,"column":7}},"loc":{"start":{"line":605,"column":56},"end":{"line":646,"column":3}}},"15":{"name":"(anonymous_15)","decl":{"start":{"line":652,"column":2},"end":{"line":652,"column":7}},"loc":{"start":{"line":652,"column":61},"end":{"line":687,"column":3}}},"16":{"name":"(anonymous_16)","decl":{"start":{"line":693,"column":2},"end":{"line":693,"column":7}},"loc":{"start":{"line":693,"column":63},"end":{"line":793,"column":3}}},"17":{"name":"(anonymous_17)","decl":{"start":{"line":799,"column":10},"end":{"line":799,"column":15}},"loc":{"start":{"line":799,"column":90},"end":{"line":805,"column":3}}},"18":{"name":"(anonymous_18)","decl":{"start":{"line":807,"column":10},"end":{"line":807,"column":15}},"loc":{"start":{"line":807,"column":50},"end":{"line":809,"column":3}}},"19":{"name":"(anonymous_19)","decl":{"start":{"line":811,"column":10},"end":{"line":811,"column":25}},"loc":{"start":{"line":811,"column":39},"end":{"line":827,"column":3}}}},"branchMap":{"0":{"loc":{"start":{"line":82,"column":12},"end":{"line":82,"column":43}},"type":"default-arg","locations":[{"start":{"line":82,"column":39},"end":{"line":82,"column":43}}]},"1":{"loc":{"start":{"line":96,"column":11},"end":{"line":96,"column":54}},"type":"binary-expr","locations":[{"start":{"line":96,"column":11},"end":{"line":96,"column":32}},{"start":{"line":96,"column":36},"end":{"line":96,"column":54}}]},"2":{"loc":{"start":{"line":111,"column":4},"end":{"line":113,"column":5}},"type":"if","locations":[{"start":{"line":111,"column":4},"end":{"line":113,"column":5}}]},"3":{"loc":{"start":{"line":111,"column":8},"end":{"line":111,"column":74}},"type":"binary-expr","locations":[{"start":{"line":111,"column":8},"end":{"line":111,"column":17}},{"start":{"line":111,"column":21},"end":{"line":111,"column":31}},{"start":{"line":111,"column":35},"end":{"line":111,"column":74}}]},"4":{"loc":{"start":{"line":141,"column":30},"end":{"line":141,"column":63}},"type":"binary-expr","locations":[{"start":{"line":141,"column":30},"end":{"line":141,"column":55}},{"start":{"line":141,"column":59},"end":{"line":141,"column":63}}]},"5":{"loc":{"start":{"line":152,"column":4},"end":{"line":154,"column":5}},"type":"if","locations":[{"start":{"line":152,"column":4},"end":{"line":154,"column":5}}]},"6":{"loc":{"start":{"line":152,"column":8},"end":{"line":152,"column":32}},"type":"binary-expr","locations":[{"start":{"line":152,"column":8},"end":{"line":152,"column":17}},{"start":{"line":152,"column":21},"end":{"line":152,"column":32}}]},"7":{"loc":{"start":{"line":156,"column":32},"end":{"line":156,"column":60}},"type":"binary-expr","locations":[{"start":{"line":156,"column":32},"end":{"line":156,"column":55}},{"start":{"line":156,"column":59},"end":{"line":156,"column":60}}]},"8":{"loc":{"start":{"line":166,"column":16},"end":{"line":166,"column":83}},"type":"cond-expr","locations":[{"start":{"line":166,"column":57},"end":{"line":166,"column":71}},{"start":{"line":166,"column":74},"end":{"line":166,"column":83}}]},"9":{"loc":{"start":{"line":169,"column":4},"end":{"line":171,"column":5}},"type":"if","locations":[{"start":{"line":169,"column":4},"end":{"line":171,"column":5}}]},"10":{"loc":{"start":{"line":190,"column":29},"end":{"line":190,"column":60}},"type":"binary-expr","locations":[{"start":{"line":190,"column":29},"end":{"line":190,"column":52}},{"start":{"line":190,"column":56},"end":{"line":190,"column":60}}]},"11":{"loc":{"start":{"line":192,"column":27},"end":{"line":197,"column":16}},"type":"cond-expr","locations":[{"start":{"line":193,"column":12},"end":{"line":196,"column":null}},{"start":{"line":197,"column":12},"end":{"line":197,"column":16}}]},"12":{"loc":{"start":{"line":192,"column":27},"end":{"line":192,"column":65}},"type":"binary-expr","locations":[{"start":{"line":192,"column":27},"end":{"line":192,"column":44}},{"start":{"line":192,"column":48},"end":{"line":192,"column":65}}]},"13":{"loc":{"start":{"line":198,"column":24},"end":{"line":198,"column":51}},"type":"binary-expr","locations":[{"start":{"line":198,"column":24},"end":{"line":198,"column":43}},{"start":{"line":198,"column":47},"end":{"line":198,"column":51}}]},"14":{"loc":{"start":{"line":205,"column":4},"end":{"line":207,"column":5}},"type":"if","locations":[{"start":{"line":205,"column":4},"end":{"line":207,"column":5}}]},"15":{"loc":{"start":{"line":205,"column":8},"end":{"line":205,"column":28}},"type":"binary-expr","locations":[{"start":{"line":205,"column":8},"end":{"line":205,"column":18}},{"start":{"line":205,"column":22},"end":{"line":205,"column":28}}]},"16":{"loc":{"start":{"line":256,"column":4},"end":{"line":259,"column":5}},"type":"if","locations":[{"start":{"line":256,"column":4},"end":{"line":259,"column":5}}]},"17":{"loc":{"start":{"line":256,"column":8},"end":{"line":256,"column":23}},"type":"binary-expr","locations":[{"start":{"line":256,"column":8},"end":{"line":256,"column":13}},{"start":{"line":256,"column":17},"end":{"line":256,"column":23}}]},"18":{"loc":{"start":{"line":262,"column":4},"end":{"line":264,"column":5}},"type":"if","locations":[{"start":{"line":262,"column":4},"end":{"line":264,"column":5}}]},"19":{"loc":{"start":{"line":276,"column":4},"end":{"line":278,"column":5}},"type":"if","locations":[{"start":{"line":276,"column":4},"end":{"line":278,"column":5}}]},"20":{"loc":{"start":{"line":298,"column":4},"end":{"line":298,"column":56}},"type":"if","locations":[{"start":{"line":298,"column":4},"end":{"line":298,"column":56}}]},"21":{"loc":{"start":{"line":300,"column":4},"end":{"line":302,"column":5}},"type":"if","locations":[{"start":{"line":300,"column":4},"end":{"line":302,"column":5}}]},"22":{"loc":{"start":{"line":300,"column":8},"end":{"line":300,"column":62}},"type":"binary-expr","locations":[{"start":{"line":300,"column":8},"end":{"line":300,"column":19}},{"start":{"line":300,"column":24},"end":{"line":300,"column":62}}]},"23":{"loc":{"start":{"line":319,"column":4},"end":{"line":321,"column":5}},"type":"if","locations":[{"start":{"line":319,"column":4},"end":{"line":321,"column":5}}]},"24":{"loc":{"start":{"line":319,"column":8},"end":{"line":319,"column":28}},"type":"binary-expr","locations":[{"start":{"line":319,"column":8},"end":{"line":319,"column":18}},{"start":{"line":319,"column":22},"end":{"line":319,"column":28}}]},"25":{"loc":{"start":{"line":330,"column":4},"end":{"line":332,"column":5}},"type":"if","locations":[{"start":{"line":330,"column":4},"end":{"line":332,"column":5}}]},"26":{"loc":{"start":{"line":330,"column":8},"end":{"line":330,"column":32}},"type":"binary-expr","locations":[{"start":{"line":330,"column":8},"end":{"line":330,"column":17}},{"start":{"line":330,"column":21},"end":{"line":330,"column":32}}]},"27":{"loc":{"start":{"line":334,"column":4},"end":{"line":336,"column":5}},"type":"if","locations":[{"start":{"line":334,"column":4},"end":{"line":336,"column":5}}]},"28":{"loc":{"start":{"line":339,"column":27},"end":{"line":339,"column":52}},"type":"binary-expr","locations":[{"start":{"line":339,"column":27},"end":{"line":339,"column":46}},{"start":{"line":339,"column":50},"end":{"line":339,"column":52}}]},"29":{"loc":{"start":{"line":341,"column":4},"end":{"line":343,"column":5}},"type":"if","locations":[{"start":{"line":341,"column":4},"end":{"line":343,"column":5}}]},"30":{"loc":{"start":{"line":402,"column":4},"end":{"line":422,"column":5}},"type":"if","locations":[{"start":{"line":402,"column":4},"end":{"line":422,"column":5}}]},"31":{"loc":{"start":{"line":404,"column":6},"end":{"line":406,"column":7}},"type":"if","locations":[{"start":{"line":404,"column":6},"end":{"line":406,"column":7}}]},"32":{"loc":{"start":{"line":447,"column":4},"end":{"line":475,"column":5}},"type":"if","locations":[{"start":{"line":447,"column":4},"end":{"line":475,"column":5}}]},"33":{"loc":{"start":{"line":455,"column":6},"end":{"line":460,"column":7}},"type":"if","locations":[{"start":{"line":455,"column":6},"end":{"line":460,"column":7}}]},"34":{"loc":{"start":{"line":490,"column":4},"end":{"line":492,"column":5}},"type":"if","locations":[{"start":{"line":490,"column":4},"end":{"line":492,"column":5}}]},"35":{"loc":{"start":{"line":490,"column":8},"end":{"line":490,"column":30}},"type":"binary-expr","locations":[{"start":{"line":490,"column":8},"end":{"line":490,"column":19}},{"start":{"line":490,"column":23},"end":{"line":490,"column":30}}]},"36":{"loc":{"start":{"line":494,"column":4},"end":{"line":496,"column":5}},"type":"if","locations":[{"start":{"line":494,"column":4},"end":{"line":496,"column":5}}]},"37":{"loc":{"start":{"line":521,"column":4},"end":{"line":598,"column":5}},"type":"if","locations":[{"start":{"line":521,"column":4},"end":{"line":598,"column":5}}]},"38":{"loc":{"start":{"line":529,"column":6},"end":{"line":597,"column":7}},"type":"if","locations":[{"start":{"line":529,"column":6},"end":{"line":597,"column":7}}]},"39":{"loc":{"start":{"line":538,"column":10},"end":{"line":575,"column":11}},"type":"if","locations":[{"start":{"line":538,"column":10},"end":{"line":575,"column":11}},{"start":{"line":572,"column":17},"end":{"line":575,"column":11}}]},"40":{"loc":{"start":{"line":631,"column":4},"end":{"line":645,"column":5}},"type":"if","locations":[{"start":{"line":631,"column":4},"end":{"line":645,"column":5}}]},"41":{"loc":{"start":{"line":668,"column":4},"end":{"line":686,"column":5}},"type":"if","locations":[{"start":{"line":668,"column":4},"end":{"line":686,"column":5}}]},"42":{"loc":{"start":{"line":701,"column":4},"end":{"line":703,"column":5}},"type":"if","locations":[{"start":{"line":701,"column":4},"end":{"line":703,"column":5}}]},"43":{"loc":{"start":{"line":701,"column":8},"end":{"line":701,"column":23}},"type":"binary-expr","locations":[{"start":{"line":701,"column":8},"end":{"line":701,"column":13}},{"start":{"line":701,"column":17},"end":{"line":701,"column":23}}]},"44":{"loc":{"start":{"line":706,"column":4},"end":{"line":708,"column":5}},"type":"if","locations":[{"start":{"line":706,"column":4},"end":{"line":708,"column":5}}]},"45":{"loc":{"start":{"line":706,"column":8},"end":{"line":706,"column":58}},"type":"binary-expr","locations":[{"start":{"line":706,"column":8},"end":{"line":706,"column":17}},{"start":{"line":706,"column":22},"end":{"line":706,"column":58}}]},"46":{"loc":{"start":{"line":721,"column":16},"end":{"line":721,"column":84}},"type":"cond-expr","locations":[{"start":{"line":721,"column":58},"end":{"line":721,"column":72}},{"start":{"line":721,"column":75},"end":{"line":721,"column":84}}]},"47":{"loc":{"start":{"line":724,"column":4},"end":{"line":782,"column":5}},"type":"if","locations":[{"start":{"line":724,"column":4},"end":{"line":782,"column":5}}]},"48":{"loc":{"start":{"line":731,"column":32},"end":{"line":731,"column":63}},"type":"binary-expr","locations":[{"start":{"line":731,"column":32},"end":{"line":731,"column":55}},{"start":{"line":731,"column":59},"end":{"line":731,"column":63}}]},"49":{"loc":{"start":{"line":753,"column":6},"end":{"line":755,"column":7}},"type":"if","locations":[{"start":{"line":753,"column":6},"end":{"line":755,"column":7}}]},"50":{"loc":{"start":{"line":758,"column":6},"end":{"line":765,"column":7}},"type":"if","locations":[{"start":{"line":758,"column":6},"end":{"line":765,"column":7}}]},"51":{"loc":{"start":{"line":774,"column":29},"end":{"line":774,"column":87}},"type":"cond-expr","locations":[{"start":{"line":774,"column":43},"end":{"line":774,"column":66}},{"start":{"line":774,"column":69},"end":{"line":774,"column":87}}]},"52":{"loc":{"start":{"line":787,"column":14},"end":{"line":787,"column":63}},"type":"cond-expr","locations":[{"start":{"line":787,"column":38},"end":{"line":787,"column":49}},{"start":{"line":787,"column":52},"end":{"line":787,"column":63}}]},"53":{"loc":{"start":{"line":790,"column":4},"end":{"line":792,"column":5}},"type":"if","locations":[{"start":{"line":790,"column":4},"end":{"line":792,"column":5}}]},"54":{"loc":{"start":{"line":800,"column":4},"end":{"line":804,"column":5}},"type":"if","locations":[{"start":{"line":800,"column":4},"end":{"line":804,"column":5}},{"start":{"line":802,"column":11},"end":{"line":804,"column":5}}]},"55":{"loc":{"start":{"line":812,"column":4},"end":{"line":814,"column":5}},"type":"if","locations":[{"start":{"line":812,"column":4},"end":{"line":814,"column":5}}]},"56":{"loc":{"start":{"line":816,"column":4},"end":{"line":821,"column":5}},"type":"if","locations":[{"start":{"line":816,"column":4},"end":{"line":821,"column":5}}]},"57":{"loc":{"start":{"line":816,"column":8},"end":{"line":816,"column":72}},"type":"binary-expr","locations":[{"start":{"line":816,"column":8},"end":{"line":816,"column":33}},{"start":{"line":816,"column":37},"end":{"line":816,"column":72}}]},"58":{"loc":{"start":{"line":823,"column":4},"end":{"line":825,"column":5}},"type":"if","locations":[{"start":{"line":823,"column":4},"end":{"line":825,"column":5}}]},"59":{"loc":{"start":{"line":823,"column":8},"end":{"line":823,"column":64}},"type":"binary-expr","locations":[{"start":{"line":823,"column":8},"end":{"line":823,"column":34}},{"start":{"line":823,"column":38},"end":{"line":823,"column":64}}]}},"s":{"0":3,"1":3,"2":35,"3":35,"4":35,"5":35,"6":35,"7":35,"8":35,"9":33,"10":0,"11":128,"12":8,"13":16,"14":8,"15":8,"16":1,"17":7,"18":7,"19":14,"20":7,"21":7,"22":7,"23":14,"24":14,"25":14,"26":14,"27":7,"28":7,"29":1,"30":6,"31":6,"32":6,"33":6,"34":6,"35":1,"36":5,"37":5,"38":5,"39":0,"40":5,"41":5,"42":10,"43":5,"44":5,"45":5,"46":5,"47":5,"48":5,"49":5,"50":4,"51":4,"52":1,"53":1,"54":3,"55":1,"56":2,"57":2,"58":1,"59":2,"60":2,"61":2,"62":7,"63":7,"64":0,"65":7,"66":7,"67":1,"68":5,"69":4,"70":4,"71":0,"72":4,"73":4,"74":0,"75":4,"76":1,"77":3,"78":3,"79":3,"80":1,"81":3,"82":3,"83":3,"84":3,"85":3,"86":3,"87":1,"88":1,"89":1,"90":1,"91":1,"92":1,"93":1,"94":1,"95":1,"96":1,"97":1,"98":1,"99":1,"100":1,"101":1,"102":1,"103":0,"104":1,"105":1,"106":5,"107":5,"108":1,"109":4,"110":1,"111":3,"112":3,"113":3,"114":3,"115":3,"116":3,"117":3,"118":3,"119":3,"120":3,"121":2,"122":1,"123":1,"124":1,"125":1,"126":1,"127":2,"128":2,"129":2,"130":2,"131":1,"132":1,"133":1,"134":1,"135":1,"136":1,"137":1,"138":1,"139":1,"140":1,"141":1,"142":1,"143":1,"144":1,"145":1,"146":7,"147":7,"148":0,"149":7,"150":7,"151":1,"152":6,"153":6,"154":6,"155":6,"156":6,"157":5,"158":5,"159":5,"160":5,"161":5,"162":5,"163":5,"164":5,"165":4,"166":5,"167":4,"168":4,"169":5,"170":5,"171":5,"172":5,"173":6,"174":6,"175":1,"176":10,"177":5,"178":5,"179":5,"180":6,"181":2,"182":4,"183":4,"184":0,"185":0,"186":0,"187":3},"f":{"0":35,"1":33,"2":0,"3":128,"4":8,"5":16,"6":10,"7":4,"8":7,"9":5,"10":1,"11":1,"12":0,"13":5,"14":1,"15":1,"16":7,"17":10,"18":5,"19":6},"b":{"0":[2],"1":[128,11],"2":[1],"3":[8,7,7],"4":[14,14],"5":[1],"6":[7,6],"7":[6,0],"8":[0,6],"9":[1],"10":[5,0],"11":[5,0],"12":[5,5],"13":[5,0],"14":[0],"15":[5,5],"16":[1],"17":[4,3],"18":[1],"19":[1],"20":[0],"21":[1],"22":[7,7],"23":[0],"24":[4,4],"25":[0],"26":[4,4],"27":[1],"28":[3,2],"29":[1],"30":[1],"31":[1],"32":[1],"33":[1],"34":[1],"35":[5,4],"36":[1],"37":[3],"38":[3],"39":[1,1],"40":[1],"41":[1],"42":[0],"43":[7,7],"44":[1],"45":[7,6],"46":[6,0],"47":[5],"48":[5,0],"49":[4],"50":[4],"51":[5,0],"52":[5,1],"53":[1],"54":[5,5],"55":[2],"56":[4],"57":[4,4],"58":[0],"59":[0,0]}}
,"C:\\Users\\melvi\\Desktop\\Programation_project\\Application_Nyama-Express\\djossfood\\apps\\api\\src\\services\\paymentService.ts": {"path":"C:\\Users\\melvi\\Desktop\\Programation_project\\Application_Nyama-Express\\djossfood\\apps\\api\\src\\services\\paymentService.ts","statementMap":{"0":{"start":{"line":1,"column":0},"end":{"line":1,"column":28}},"1":{"start":{"line":2,"column":0},"end":{"line":2,"column":26}},"2":{"start":{"line":4,"column":0},"end":{"line":4,"column":54}},"3":{"start":{"line":5,"column":0},"end":{"line":5,"column":59}},"4":{"start":{"line":28,"column":33},"end":{"line":28,"column":37}},"5":{"start":{"line":29,"column":32},"end":{"line":29,"column":33}},"6":{"start":{"line":30,"column":52},"end":{"line":30,"column":56}},"7":{"start":{"line":33,"column":4},"end":{"line":33,"column":80}},"8":{"start":{"line":38,"column":4},"end":{"line":38,"column":35}},"9":{"start":{"line":42,"column":4},"end":{"line":42,"column":55}},"10":{"start":{"line":50,"column":4},"end":{"line":52,"column":5}},"11":{"start":{"line":51,"column":6},"end":{"line":51,"column":24}},"12":{"start":{"line":54,"column":21},"end":{"line":54,"column":48}},"13":{"start":{"line":55,"column":21},"end":{"line":55,"column":48}},"14":{"start":{"line":57,"column":4},"end":{"line":59,"column":5}},"15":{"start":{"line":58,"column":6},"end":{"line":58,"column":74}},"16":{"start":{"line":61,"column":21},"end":{"line":64,"column":6}},"17":{"start":{"line":66,"column":4},"end":{"line":66,"column":37}},"18":{"start":{"line":68,"column":4},"end":{"line":68,"column":51}},"19":{"start":{"line":70,"column":4},"end":{"line":70,"column":23}},"20":{"start":{"line":78,"column":4},"end":{"line":78,"column":44}},"21":{"start":{"line":85,"column":4},"end":{"line":85,"column":50}},"22":{"start":{"line":94,"column":4},"end":{"line":99,"column":5}},"23":{"start":{"line":95,"column":6},"end":{"line":98,"column":8}},"24":{"start":{"line":102,"column":4},"end":{"line":107,"column":5}},"25":{"start":{"line":103,"column":6},"end":{"line":106,"column":8}},"26":{"start":{"line":109,"column":4},"end":{"line":163,"column":5}},"27":{"start":{"line":110,"column":20},"end":{"line":110,"column":41}},"28":{"start":{"line":113,"column":19},"end":{"line":113,"column":56}},"29":{"start":{"line":115,"column":23},"end":{"line":129,"column":null}},"30":{"start":{"line":132,"column":24},"end":{"line":132,"column":53}},"31":{"start":{"line":133,"column":21},"end":{"line":133,"column":54}},"32":{"start":{"line":136,"column":6},"end":{"line":149,"column":7}},"33":{"start":{"line":137,"column":8},"end":{"line":145,"column":11}},"34":{"start":{"line":148,"column":8},"end":{"line":148,"column":77}},"35":{"start":{"line":151,"column":6},"end":{"line":155,"column":8}},"36":{"start":{"line":158,"column":8},"end":{"line":158,"column":84}},"37":{"start":{"line":159,"column":6},"end":{"line":162,"column":8}},"38":{"start":{"line":171,"column":4},"end":{"line":173,"column":5}},"39":{"start":{"line":172,"column":6},"end":{"line":172,"column":19}},"40":{"start":{"line":175,"column":19},"end":{"line":175,"column":52}},"41":{"start":{"line":176,"column":4},"end":{"line":179,"column":5}},"42":{"start":{"line":177,"column":6},"end":{"line":177,"column":63}},"43":{"start":{"line":178,"column":6},"end":{"line":178,"column":19}},"44":{"start":{"line":181,"column":21},"end":{"line":184,"column":20}},"45":{"start":{"line":186,"column":4},"end":{"line":188,"column":5}},"46":{"start":{"line":187,"column":6},"end":{"line":187,"column":19}},"47":{"start":{"line":190,"column":4},"end":{"line":193,"column":6}},"48":{"start":{"line":202,"column":20},"end":{"line":202,"column":43}},"49":{"start":{"line":203,"column":4},"end":{"line":205,"column":5}},"50":{"start":{"line":204,"column":6},"end":{"line":204,"column":70}},"51":{"start":{"line":207,"column":30},"end":{"line":207,"column":56}},"52":{"start":{"line":208,"column":19},"end":{"line":208,"column":33}},"53":{"start":{"line":209,"column":22},"end":{"line":209,"column":39}},"54":{"start":{"line":211,"column":4},"end":{"line":213,"column":5}},"55":{"start":{"line":212,"column":6},"end":{"line":212,"column":71}},"56":{"start":{"line":215,"column":4},"end":{"line":264,"column":5}},"57":{"start":{"line":217,"column":52},"end":{"line":221,"column":17}},"58":{"start":{"line":223,"column":6},"end":{"line":228,"column":7}},"59":{"start":{"line":224,"column":8},"end":{"line":227,"column":10}},"60":{"start":{"line":231,"column":26},"end":{"line":231,"column":75}},"61":{"start":{"line":232,"column":6},"end":{"line":239,"column":34}},"62":{"start":{"line":242,"column":6},"end":{"line":253,"column":7}},"63":{"start":{"line":244,"column":10},"end":{"line":248,"column":22}},"64":{"start":{"line":249,"column":8},"end":{"line":252,"column":42}},"65":{"start":{"line":255,"column":6},"end":{"line":258,"column":8}},"66":{"start":{"line":260,"column":6},"end":{"line":263,"column":8}},"67":{"start":{"line":272,"column":4},"end":{"line":318,"column":5}},"68":{"start":{"line":273,"column":52},"end":{"line":277,"column":17}},"69":{"start":{"line":279,"column":6},"end":{"line":282,"column":7}},"70":{"start":{"line":280,"column":8},"end":{"line":280,"column":80}},"71":{"start":{"line":281,"column":8},"end":{"line":281,"column":21}},"72":{"start":{"line":284,"column":20},"end":{"line":284,"column":41}},"73":{"start":{"line":285,"column":19},"end":{"line":285,"column":62}},"74":{"start":{"line":286,"column":23},"end":{"line":299,"column":null}},"75":{"start":{"line":302,"column":6},"end":{"line":308,"column":7}},"76":{"start":{"line":303,"column":8},"end":{"line":306,"column":36}},"77":{"start":{"line":307,"column":8},"end":{"line":307,"column":20}},"78":{"start":{"line":310,"column":6},"end":{"line":313,"column":34}},"79":{"start":{"line":314,"column":6},"end":{"line":314,"column":19}},"80":{"start":{"line":316,"column":6},"end":{"line":316,"column":53}},"81":{"start":{"line":317,"column":6},"end":{"line":317,"column":19}},"82":{"start":{"line":26,"column":0},"end":{"line":26,"column":13}},"83":{"start":{"line":323,"column":13},"end":{"line":323,"column":51}}},"fnMap":{"0":{"name":"(anonymous_1)","decl":{"start":{"line":32,"column":2},"end":{"line":32,"column":null}},"loc":{"start":{"line":32,"column":2},"end":{"line":34,"column":3}}},"1":{"name":"(anonymous_2)","decl":{"start":{"line":37,"column":2},"end":{"line":37,"column":17}},"loc":{"start":{"line":37,"column":40},"end":{"line":39,"column":3}}},"2":{"name":"(anonymous_3)","decl":{"start":{"line":41,"column":2},"end":{"line":41,"column":14}},"loc":{"start":{"line":41,"column":22},"end":{"line":43,"column":3}}},"3":{"name":"(anonymous_4)","decl":{"start":{"line":49,"column":10},"end":{"line":49,"column":15}},"loc":{"start":{"line":49,"column":24},"end":{"line":71,"column":3}}},"4":{"name":"(anonymous_5)","decl":{"start":{"line":77,"column":10},"end":{"line":77,"column":23}},"loc":{"start":{"line":77,"column":37},"end":{"line":79,"column":3}}},"5":{"name":"(anonymous_6)","decl":{"start":{"line":84,"column":10},"end":{"line":84,"column":24}},"loc":{"start":{"line":84,"column":39},"end":{"line":86,"column":3}}},"6":{"name":"(anonymous_7)","decl":{"start":{"line":92,"column":2},"end":{"line":92,"column":7}},"loc":{"start":{"line":92,"column":45},"end":{"line":164,"column":3}}},"7":{"name":"(anonymous_8)","decl":{"start":{"line":170,"column":10},"end":{"line":170,"column":32}},"loc":{"start":{"line":170,"column":79},"end":{"line":194,"column":3}}},"8":{"name":"(anonymous_9)","decl":{"start":{"line":201,"column":2},"end":{"line":201,"column":7}},"loc":{"start":{"line":201,"column":61},"end":{"line":265,"column":3}}},"9":{"name":"(anonymous_10)","decl":{"start":{"line":271,"column":2},"end":{"line":271,"column":7}},"loc":{"start":{"line":271,"column":39},"end":{"line":319,"column":3}}}},"branchMap":{"0":{"loc":{"start":{"line":33,"column":19},"end":{"line":33,"column":79}},"type":"binary-expr","locations":[{"start":{"line":33,"column":19},"end":{"line":33,"column":46}},{"start":{"line":33,"column":50},"end":{"line":33,"column":79}}]},"1":{"loc":{"start":{"line":42,"column":11},"end":{"line":42,"column":54}},"type":"binary-expr","locations":[{"start":{"line":42,"column":11},"end":{"line":42,"column":32}},{"start":{"line":42,"column":36},"end":{"line":42,"column":54}}]},"2":{"loc":{"start":{"line":50,"column":4},"end":{"line":52,"column":5}},"type":"if","locations":[{"start":{"line":50,"column":4},"end":{"line":52,"column":5}}]},"3":{"loc":{"start":{"line":50,"column":8},"end":{"line":50,"column":51}},"type":"binary-expr","locations":[{"start":{"line":50,"column":8},"end":{"line":50,"column":18}},{"start":{"line":50,"column":22},"end":{"line":50,"column":51}}]},"4":{"loc":{"start":{"line":57,"column":4},"end":{"line":59,"column":5}},"type":"if","locations":[{"start":{"line":57,"column":4},"end":{"line":59,"column":5}}]},"5":{"loc":{"start":{"line":57,"column":8},"end":{"line":57,"column":30}},"type":"binary-expr","locations":[{"start":{"line":57,"column":8},"end":{"line":57,"column":17}},{"start":{"line":57,"column":21},"end":{"line":57,"column":30}}]},"6":{"loc":{"start":{"line":85,"column":11},"end":{"line":85,"column":49}},"type":"binary-expr","locations":[{"start":{"line":85,"column":11},"end":{"line":85,"column":35}},{"start":{"line":85,"column":39},"end":{"line":85,"column":49}}]},"7":{"loc":{"start":{"line":94,"column":4},"end":{"line":99,"column":5}},"type":"if","locations":[{"start":{"line":94,"column":4},"end":{"line":99,"column":5}}]},"8":{"loc":{"start":{"line":102,"column":4},"end":{"line":107,"column":5}},"type":"if","locations":[{"start":{"line":102,"column":4},"end":{"line":107,"column":5}}]},"9":{"loc":{"start":{"line":132,"column":24},"end":{"line":132,"column":53}},"type":"binary-expr","locations":[{"start":{"line":132,"column":24},"end":{"line":132,"column":47}},{"start":{"line":132,"column":51},"end":{"line":132,"column":53}}]},"10":{"loc":{"start":{"line":133,"column":21},"end":{"line":133,"column":54}},"type":"binary-expr","locations":[{"start":{"line":133,"column":21},"end":{"line":133,"column":41}},{"start":{"line":133,"column":45},"end":{"line":133,"column":54}}]},"11":{"loc":{"start":{"line":144,"column":20},"end":{"line":144,"column":48}},"type":"binary-expr","locations":[{"start":{"line":144,"column":20},"end":{"line":144,"column":35}},{"start":{"line":144,"column":39},"end":{"line":144,"column":48}}]},"12":{"loc":{"start":{"line":158,"column":8},"end":{"line":158,"column":84}},"type":"binary-expr","locations":[{"start":{"line":158,"column":8},"end":{"line":158,"column":36}},{"start":{"line":158,"column":40},"end":{"line":158,"column":53}},{"start":{"line":158,"column":57},"end":{"line":158,"column":84}}]},"13":{"loc":{"start":{"line":171,"column":4},"end":{"line":173,"column":5}},"type":"if","locations":[{"start":{"line":171,"column":4},"end":{"line":173,"column":5}}]},"14":{"loc":{"start":{"line":176,"column":4},"end":{"line":179,"column":5}},"type":"if","locations":[{"start":{"line":176,"column":4},"end":{"line":179,"column":5}}]},"15":{"loc":{"start":{"line":186,"column":4},"end":{"line":188,"column":5}},"type":"if","locations":[{"start":{"line":186,"column":4},"end":{"line":188,"column":5}}]},"16":{"loc":{"start":{"line":203,"column":4},"end":{"line":205,"column":5}},"type":"if","locations":[{"start":{"line":203,"column":4},"end":{"line":205,"column":5}}]},"17":{"loc":{"start":{"line":211,"column":4},"end":{"line":213,"column":5}},"type":"if","locations":[{"start":{"line":211,"column":4},"end":{"line":213,"column":5}}]},"18":{"loc":{"start":{"line":223,"column":6},"end":{"line":228,"column":7}},"type":"if","locations":[{"start":{"line":223,"column":6},"end":{"line":228,"column":7}}]},"19":{"loc":{"start":{"line":223,"column":10},"end":{"line":223,"column":33}},"type":"binary-expr","locations":[{"start":{"line":223,"column":10},"end":{"line":223,"column":17}},{"start":{"line":223,"column":21},"end":{"line":223,"column":33}}]},"20":{"loc":{"start":{"line":231,"column":26},"end":{"line":231,"column":75}},"type":"cond-expr","locations":[{"start":{"line":231,"column":52},"end":{"line":231,"column":64}},{"start":{"line":231,"column":67},"end":{"line":231,"column":75}}]},"21":{"loc":{"start":{"line":242,"column":6},"end":{"line":253,"column":7}},"type":"if","locations":[{"start":{"line":242,"column":6},"end":{"line":253,"column":7}}]},"22":{"loc":{"start":{"line":244,"column":10},"end":{"line":248,"column":22}},"type":"cond-expr","locations":[{"start":{"line":245,"column":14},"end":{"line":247,"column":25}},{"start":{"line":248,"column":14},"end":{"line":248,"column":22}}]},"23":{"loc":{"start":{"line":245,"column":14},"end":{"line":247,"column":25}},"type":"cond-expr","locations":[{"start":{"line":246,"column":16},"end":{"line":246,"column":27}},{"start":{"line":247,"column":16},"end":{"line":247,"column":25}}]},"24":{"loc":{"start":{"line":279,"column":6},"end":{"line":282,"column":7}},"type":"if","locations":[{"start":{"line":279,"column":6},"end":{"line":282,"column":7}}]},"25":{"loc":{"start":{"line":279,"column":10},"end":{"line":279,"column":33}},"type":"binary-expr","locations":[{"start":{"line":279,"column":10},"end":{"line":279,"column":17}},{"start":{"line":279,"column":21},"end":{"line":279,"column":33}}]},"26":{"loc":{"start":{"line":302,"column":6},"end":{"line":308,"column":7}},"type":"if","locations":[{"start":{"line":302,"column":6},"end":{"line":308,"column":7}}]},"27":{"loc":{"start":{"line":302,"column":10},"end":{"line":302,"column":62}},"type":"binary-expr","locations":[{"start":{"line":302,"column":10},"end":{"line":302,"column":23}},{"start":{"line":302,"column":27},"end":{"line":302,"column":62}}]}},"s":{"0":4,"1":4,"2":4,"3":4,"4":26,"5":26,"6":26,"7":26,"8":18,"9":26,"10":8,"11":0,"12":8,"13":8,"14":8,"15":0,"16":8,"17":8,"18":8,"19":8,"20":13,"21":9,"22":13,"23":4,"24":9,"25":4,"26":5,"27":5,"28":5,"29":5,"30":4,"31":4,"32":4,"33":4,"34":0,"35":4,"36":1,"37":1,"38":7,"39":1,"40":6,"41":6,"42":0,"43":0,"44":6,"45":6,"46":0,"47":6,"48":7,"49":7,"50":1,"51":6,"52":6,"53":6,"54":6,"55":0,"56":6,"57":6,"58":6,"59":1,"60":5,"61":5,"62":5,"63":5,"64":5,"65":5,"66":0,"67":4,"68":4,"69":4,"70":1,"71":1,"72":3,"73":3,"74":3,"75":2,"76":2,"77":2,"78":0,"79":0,"80":1,"81":1,"82":4,"83":4},"f":{"0":26,"1":18,"2":26,"3":8,"4":13,"5":9,"6":13,"7":7,"8":7,"9":4},"b":{"0":[26,3],"1":[26,0],"2":[0],"3":[8,0],"4":[0],"5":[8,8],"6":[9,7],"7":[4],"8":[4],"9":[4,0],"10":[4,0],"11":[4,2],"12":[1,1,0],"13":[1],"14":[0],"15":[0],"16":[1],"17":[0],"18":[1],"19":[6,5],"20":[4,1],"21":[5],"22":[4,1],"23":[1,3],"24":[1],"25":[4,3],"26":[2],"27":[2,2]}}
,"C:\\Users\\melvi\\Desktop\\Programation_project\\Application_Nyama-Express\\djossfood\\apps\\api\\src\\services\\routingService.ts": {"path":"C:\\Users\\melvi\\Desktop\\Programation_project\\Application_Nyama-Express\\djossfood\\apps\\api\\src\\services\\routingService.ts","statementMap":{"0":{"start":{"line":1,"column":0},"end":{"line":1,"column":26}},"1":{"start":{"line":10,"column":19},"end":{"line":10,"column":50}},"2":{"start":{"line":18,"column":4},"end":{"line":18,"column":34}},"3":{"start":{"line":18,"column":22},"end":{"line":18,"column":34}},"4":{"start":{"line":20,"column":4},"end":{"line":43,"column":5}},"5":{"start":{"line":21,"column":23},"end":{"line":30,"column":null}},"6":{"start":{"line":33,"column":20},"end":{"line":33,"column":47}},"7":{"start":{"line":34,"column":6},"end":{"line":34,"column":30}},"8":{"start":{"line":34,"column":18},"end":{"line":34,"column":30}},"9":{"start":{"line":36,"column":6},"end":{"line":40,"column":8}},"10":{"start":{"line":42,"column":6},"end":{"line":42,"column":18}},"11":{"start":{"line":9,"column":0},"end":{"line":9,"column":13}}},"fnMap":{"0":{"name":"(anonymous_1)","decl":{"start":{"line":12,"column":2},"end":{"line":12,"column":7}},"loc":{"start":{"line":16,"column":19},"end":{"line":44,"column":3}}}},"branchMap":{"0":{"loc":{"start":{"line":18,"column":4},"end":{"line":18,"column":34}},"type":"if","locations":[{"start":{"line":18,"column":4},"end":{"line":18,"column":34}}]},"1":{"loc":{"start":{"line":34,"column":6},"end":{"line":34,"column":30}},"type":"if","locations":[{"start":{"line":34,"column":6},"end":{"line":34,"column":30}}]}},"s":{"0":2,"1":4,"2":1,"3":1,"4":0,"5":0,"6":0,"7":0,"8":0,"9":0,"10":0,"11":2},"f":{"0":1},"b":{"0":[1],"1":[0]}}
,"C:\\Users\\melvi\\Desktop\\Programation_project\\Application_Nyama-Express\\djossfood\\apps\\api\\src\\services\\timeoutService.ts": {"path":"C:\\Users\\melvi\\Desktop\\Programation_project\\Application_Nyama-Express\\djossfood\\apps\\api\\src\\services\\timeoutService.ts","statementMap":{"0":{"start":{"line":39,"column":0},"end":{"line":39,"column":7}},"1":{"start":{"line":1,"column":0},"end":{"line":1,"column":25}},"2":{"start":{"line":2,"column":0},"end":{"line":2,"column":null}},"3":{"start":{"line":7,"column":19},"end":{"line":7,"column":96}},"4":{"start":{"line":43,"column":9},"end":{"line":43,"column":19}},"5":{"start":{"line":11,"column":16},"end":{"line":14,"column":null}},"6":{"start":{"line":16,"column":4},"end":{"line":16,"column":37}},"7":{"start":{"line":20,"column":17},"end":{"line":20,"column":65}},"8":{"start":{"line":21,"column":4},"end":{"line":26,"column":5}},"9":{"start":{"line":22,"column":6},"end":{"line":25,"column":7}},"10":{"start":{"line":23,"column":8},"end":{"line":23,"column":27}},"11":{"start":{"line":24,"column":8},"end":{"line":24,"column":14}},"12":{"start":{"line":30,"column":16},"end":{"line":33,"column":null}},"13":{"start":{"line":35,"column":4},"end":{"line":35,"column":37}},"14":{"start":{"line":9,"column":0},"end":{"line":9,"column":13}},"15":{"start":{"line":40,"column":2},"end":{"line":40,"column":55}}},"fnMap":{"0":{"name":"(anonymous_1)","decl":{"start":{"line":10,"column":2},"end":{"line":10,"column":7}},"loc":{"start":{"line":10,"column":44},"end":{"line":17,"column":3}}},"1":{"name":"(anonymous_2)","decl":{"start":{"line":19,"column":2},"end":{"line":19,"column":7}},"loc":{"start":{"line":19,"column":40},"end":{"line":27,"column":3}}},"2":{"name":"(anonymous_3)","decl":{"start":{"line":29,"column":2},"end":{"line":29,"column":7}},"loc":{"start":{"line":29,"column":54},"end":{"line":36,"column":3}}},"3":{"name":"addDelayedJob","decl":{"start":{"line":39,"column":22},"end":{"line":39,"column":35}},"loc":{"start":{"line":39,"column":76},"end":{"line":41,"column":1}}}},"branchMap":{"0":{"loc":{"start":{"line":7,"column":46},"end":{"line":7,"column":95}},"type":"binary-expr","locations":[{"start":{"line":7,"column":46},"end":{"line":7,"column":67}},{"start":{"line":7,"column":71},"end":{"line":7,"column":95}}]},"1":{"loc":{"start":{"line":16,"column":18},"end":{"line":16,"column":35}},"type":"binary-expr","locations":[{"start":{"line":16,"column":18},"end":{"line":16,"column":24}},{"start":{"line":16,"column":28},"end":{"line":16,"column":35}}]},"2":{"loc":{"start":{"line":22,"column":6},"end":{"line":25,"column":7}},"type":"if","locations":[{"start":{"line":22,"column":6},"end":{"line":25,"column":7}}]},"3":{"loc":{"start":{"line":22,"column":10},"end":{"line":22,"column":65}},"type":"binary-expr","locations":[{"start":{"line":22,"column":10},"end":{"line":22,"column":37}},{"start":{"line":22,"column":41},"end":{"line":22,"column":65}}]},"4":{"loc":{"start":{"line":35,"column":18},"end":{"line":35,"column":35}},"type":"binary-expr","locations":[{"start":{"line":35,"column":18},"end":{"line":35,"column":24}},{"start":{"line":35,"column":28},"end":{"line":35,"column":35}}]}},"s":{"0":2,"1":2,"2":2,"3":2,"4":2,"5":0,"6":0,"7":0,"8":0,"9":0,"10":0,"11":0,"12":0,"13":0,"14":2,"15":0},"f":{"0":0,"1":0,"2":0,"3":0},"b":{"0":[2,1],"1":[0,0],"2":[0],"3":[0,0],"4":[0,0]}}
}
