TN:
SF:src\config\constants.ts
FNF:0
FNH:0
DA:1,5
DA:2,5
DA:3,5
DA:4,5
DA:5,5
DA:6,5
DA:7,5
DA:8,5
DA:9,5
DA:10,5
DA:11,5
DA:12,5
LF:12
LH:12
BRDA:1,0,0,5
BRDA:1,0,1,1
BRF:2
BRH:2
end_of_record
TN:
SF:src\config\supabase.ts
FN:7,getSupabaseAdmin
FN:21,getSupabaseClient
FNF:2
FNH:1
FNDA:2,getSupabaseAdmin
FNDA:0,getSupabaseClient
DA:1,5
DA:2,5
DA:3,5
DA:5,5
DA:7,5
DA:8,2
DA:9,1
DA:10,1
DA:11,1
DA:12,0
DA:14,1
DA:18,2
DA:21,5
DA:22,0
DA:23,0
DA:24,0
DA:25,0
DA:27,0
DA:28,0
DA:29,0
DA:31,0
LF:21
LH:12
BRDA:8,0,0,1
BRDA:11,1,0,0
BRDA:11,2,0,1
BRDA:11,2,1,1
BRDA:24,3,0,0
BRDA:24,4,0,0
BRDA:24,4,1,0
BRDA:28,5,0,0
BRF:8
BRH:3
end_of_record
TN:
SF:src\middleware\ownership.ts
FN:5,requireOrderOwnerOrAdmin
FNF:1
FNH:1
FNDA:8,requireOrderOwnerOrAdmin
DA:3,1
DA:5,1
DA:10,8
DA:11,8
DA:12,8
DA:14,8
DA:15,1
DA:18,7
DA:19,7
DA:25,7
DA:26,1
DA:29,6
DA:30,6
DA:32,6
DA:33,6
DA:34,6
DA:39,6
DA:42,6
DA:43,3
DA:46,3
DA:47,3
LF:21
LH:21
BRDA:14,0,0,1
BRDA:25,1,0,1
BRDA:25,2,0,7
BRDA:25,2,1,6
BRDA:33,3,0,6
BRDA:42,4,0,3
BRDA:42,5,0,6
BRDA:42,5,1,5
BRDA:42,5,2,3
BRF:9
BRH:9
end_of_record
TN:
SF:src\middleware\rateLimit.ts
FN:6,(anonymous_1)
FN:16,rateLimitMiddleware
FN:17,(anonymous_3)
FNF:3
FNH:2
FNDA:0,(anonymous_1)
FNDA:6,rateLimitMiddleware
FNDA:15,(anonymous_3)
DA:2,2
DA:4,2
DA:6,2
DA:7,0
DA:16,2
DA:17,6
DA:18,15
DA:19,15
DA:20,15
DA:21,15
DA:22,14
DA:23,5
DA:25,14
DA:26,3
DA:27,3
DA:29,11
DA:32,1
DA:33,1
LF:18
LH:17
BRDA:4,0,0,2
BRDA:4,0,1,2
BRDA:18,1,0,15
BRDA:18,1,1,0
BRDA:18,1,2,0
BRDA:22,2,0,5
BRDA:25,3,0,3
BRF:7
BRH:5
end_of_record
TN:
SF:src\routes\auth.ts
FN:10,(anonymous_0)
FN:36,(anonymous_1)
FN:80,(anonymous_2)
FNF:3
FNH:2
FNDA:5,(anonymous_0)
FNDA:0,(anonymous_1)
FNDA:1,(anonymous_2)
DA:1,1
DA:2,1
DA:3,1
DA:5,1
DA:7,1
DA:10,1
DA:11,5
DA:13,5
DA:14,0
DA:17,5
DA:18,5
DA:21,5
DA:25,5
DA:26,0
DA:29,5
DA:31,0
DA:36,1
DA:37,0
DA:39,0
DA:40,0
DA:43,0
DA:44,0
DA:47,0
DA:53,0
DA:54,0
DA:58,0
DA:59,0
DA:60,0
DA:66,0
DA:67,0
DA:70,0
DA:75,0
DA:80,1
DA:81,1
DA:82,1
DA:84,1
DA:85,1
DA:88,0
DA:90,0
DA:91,0
DA:94,0
DA:95,0
DA:97,0
DA:107,0
DA:108,0
DA:111,0
DA:116,0
DA:120,1
LF:48
LH:20
BRDA:13,0,0,0
BRDA:25,1,0,0
BRDA:39,2,0,0
BRDA:39,3,0,0
BRDA:39,3,1,0
BRDA:53,4,0,0
BRDA:53,5,0,0
BRDA:53,5,1,0
BRDA:66,6,0,0
BRDA:66,7,0,0
BRDA:66,7,1,0
BRDA:84,8,0,1
BRDA:84,9,0,1
BRDA:84,9,1,0
BRDA:90,10,0,0
BRDA:90,11,0,0
BRDA:90,11,1,0
BRDA:103,12,0,0
BRDA:103,12,1,0
BRDA:107,13,0,0
BRF:20
BRH:2
end_of_record
TN:
SF:src\routes\orders.ts
FN:20,createOrderService
FN:31,(anonymous_1)
FN:48,(anonymous_2)
FN:93,(anonymous_3)
FN:111,(anonymous_4)
FN:134,(anonymous_5)
FN:152,(anonymous_6)
FN:170,(anonymous_7)
FN:188,(anonymous_8)
FN:206,(anonymous_9)
FNF:10
FNH:5
FNDA:2,createOrderService
FNDA:0,(anonymous_1)
FNDA:0,(anonymous_2)
FNDA:1,(anonymous_3)
FNDA:0,(anonymous_4)
FNDA:1,(anonymous_5)
FNDA:1,(anonymous_6)
FNDA:0,(anonymous_7)
FNDA:0,(anonymous_8)
FNDA:1,(anonymous_9)
DA:1,1
DA:2,1
DA:4,1
DA:5,1
DA:6,1
DA:7,1
DA:8,1
DA:9,1
DA:10,1
DA:11,1
DA:14,1
DA:17,1
DA:21,2
DA:31,1
DA:32,0
DA:33,0
DA:34,0
DA:39,0
DA:40,0
DA:42,0
DA:43,0
DA:48,1
DA:49,0
DA:51,0
DA:52,0
DA:54,0
DA:60,0
DA:61,0
DA:65,0
DA:66,0
DA:67,0
DA:68,0
DA:69,0
DA:70,0
DA:73,0
DA:74,0
DA:80,0
DA:81,0
DA:85,0
DA:87,0
DA:88,0
DA:93,1
DA:94,1
DA:95,1
DA:96,0
DA:98,1
DA:100,1
DA:101,1
DA:102,1
DA:103,1
DA:105,0
DA:106,0
DA:111,1
DA:112,0
DA:113,0
DA:114,0
DA:116,0
DA:117,0
DA:119,0
DA:120,0
DA:123,0
DA:124,0
DA:125,0
DA:126,0
DA:128,0
DA:129,0
DA:134,1
DA:135,1
DA:136,1
DA:137,1
DA:139,0
DA:141,0
DA:142,0
DA:143,0
DA:144,0
DA:146,0
DA:147,0
DA:152,1
DA:153,1
DA:154,1
DA:155,0
DA:157,1
DA:159,1
DA:160,1
DA:161,1
DA:162,1
DA:164,0
DA:165,0
DA:170,1
DA:171,0
DA:172,0
DA:173,0
DA:175,0
DA:177,0
DA:178,0
DA:179,0
DA:180,0
DA:182,0
DA:183,0
DA:188,1
DA:189,0
DA:190,0
DA:191,0
DA:193,0
DA:195,0
DA:196,0
DA:197,0
DA:198,0
DA:200,0
DA:201,0
DA:206,1
DA:207,1
DA:208,1
DA:209,1
DA:211,0
DA:213,0
DA:214,0
DA:215,0
DA:216,0
DA:218,0
DA:219,0
DA:223,1
LF:122
LH:43
BRDA:43,0,0,0
BRDA:43,0,1,0
BRDA:60,1,0,0
BRDA:60,2,0,0
BRDA:60,2,1,0
BRDA:73,3,0,0
BRDA:73,4,0,0
BRDA:73,4,1,0
BRDA:73,4,2,0
BRDA:80,5,0,0
BRDA:80,6,0,0
BRDA:80,6,1,0
BRDA:95,7,0,0
BRDA:95,8,0,1
BRDA:95,8,1,1
BRDA:106,9,0,0
BRDA:106,9,1,0
BRDA:113,10,0,0
BRDA:113,11,0,0
BRDA:113,11,1,0
BRDA:119,12,0,0
BRDA:129,13,0,0
BRDA:129,13,1,0
BRDA:136,14,0,1
BRDA:136,15,0,1
BRDA:136,15,1,1
BRDA:147,16,0,0
BRDA:147,16,1,0
BRDA:154,17,0,0
BRDA:154,18,0,1
BRDA:154,18,1,0
BRDA:165,19,0,0
BRDA:165,19,1,0
BRDA:172,20,0,0
BRDA:172,21,0,0
BRDA:172,21,1,0
BRDA:183,22,0,0
BRDA:183,22,1,0
BRDA:190,23,0,0
BRDA:190,24,0,0
BRDA:190,24,1,0
BRDA:201,25,0,0
BRDA:201,25,1,0
BRDA:208,26,0,1
BRDA:208,27,0,1
BRDA:208,27,1,1
BRDA:219,28,0,0
BRDA:219,28,1,0
BRF:48
BRH:9
end_of_record
TN:
SF:src\services\driverMatchingService.ts
FN:12,(anonymous_0)
FN:46,(anonymous_1)
FNF:2
FNH:0
FNDA:0,(anonymous_0)
FNDA:0,(anonymous_1)
DA:1,2
DA:2,2
DA:3,2
DA:8,2
DA:9,4
DA:10,4
DA:14,0
DA:19,0
DA:22,0
DA:25,0
DA:31,0
DA:36,0
DA:43,0
DA:47,0
LF:14
LH:6
BRDA:12,0,0,0
BRDA:19,1,0,0
BRDA:19,2,0,0
BRDA:19,2,1,0
BRDA:32,3,0,0
BRDA:32,3,1,0
BRF:6
BRH:0
end_of_record
TN:
SF:src\services\notificationService.ts
FN:21,(anonymous_0)
FN:26,(anonymous_1)
FN:30,(anonymous_2)
FN:42,(anonymous_3)
FN:103,(anonymous_4)
FN:108,(anonymous_5)
FN:113,(anonymous_6)
FN:118,(anonymous_7)
FN:123,(anonymous_8)
FN:128,(anonymous_9)
FN:133,(anonymous_10)
FN:138,(anonymous_11)
FN:143,(anonymous_12)
FNF:13
FNH:13
FNDA:25,(anonymous_0)
FNDA:14,(anonymous_1)
FNDA:8,(anonymous_2)
FNDA:7,(anonymous_3)
FNDA:1,(anonymous_4)
FNDA:2,(anonymous_5)
FNDA:1,(anonymous_6)
FNDA:1,(anonymous_7)
FNDA:2,(anonymous_8)
FNDA:1,(anonymous_9)
FNDA:1,(anonymous_10)
FNDA:1,(anonymous_11)
FNDA:1,(anonymous_12)
DA:1,3
DA:3,3
DA:17,3
DA:19,25
DA:22,25
DA:27,14
DA:31,8
DA:43,7
DA:46,7
DA:52,7
DA:53,3
DA:54,3
DA:57,4
DA:60,4
DA:61,1
DA:64,3
DA:65,1
DA:69,2
DA:76,2
DA:77,2
DA:78,1
DA:79,1
DA:82,1
DA:83,1
DA:91,0
DA:94,1
DA:96,1
DA:97,1
DA:102,25
DA:103,1
DA:108,2
DA:113,1
DA:118,1
DA:123,2
DA:128,1
DA:133,1
DA:138,1
DA:143,1
DA:151,3
LF:39
LH:38
BRDA:31,0,0,8
BRDA:31,0,1,2
BRDA:52,1,0,3
BRDA:52,2,0,7
BRDA:52,2,1,6
BRDA:60,3,0,1
BRDA:64,4,0,1
BRDA:73,5,0,2
BRDA:73,5,1,2
BRDA:79,6,0,1
BRDA:79,6,1,0
BRDA:79,7,0,1
BRDA:79,7,1,1
BRDA:87,8,0,1
BRDA:87,8,1,1
BRF:15
BRH:14
end_of_record
TN:
SF:src\services\orderService.ts
FN:76,(anonymous_0)
FN:86,(anonymous_1)
FN:91,(anonymous_2)
FN:95,(anonymous_3)
FN:103,(anonymous_4)
FN:105,(anonymous_5)
FN:212,(anonymous_6)
FN:249,(anonymous_7)
FN:296,(anonymous_8)
FN:309,(anonymous_9)
FN:383,(anonymous_10)
FN:429,(anonymous_11)
FN:459,(anonymous_12)
FN:482,(anonymous_13)
FN:605,(anonymous_14)
FN:652,(anonymous_15)
FN:693,(anonymous_16)
FN:799,(anonymous_17)
FN:807,(anonymous_18)
FN:811,(anonymous_19)
FNF:20
FNH:18
FNDA:35,(anonymous_0)
FNDA:33,(anonymous_1)
FNDA:0,(anonymous_2)
FNDA:128,(anonymous_3)
FNDA:8,(anonymous_4)
FNDA:16,(anonymous_5)
FNDA:10,(anonymous_6)
FNDA:4,(anonymous_7)
FNDA:7,(anonymous_8)
FNDA:5,(anonymous_9)
FNDA:1,(anonymous_10)
FNDA:1,(anonymous_11)
FNDA:0,(anonymous_12)
FNDA:5,(anonymous_13)
FNDA:1,(anonymous_14)
FNDA:1,(anonymous_15)
FNDA:7,(anonymous_16)
FNDA:10,(anonymous_17)
FNDA:5,(anonymous_18)
FNDA:6,(anonymous_19)
DA:2,3
DA:3,3
DA:73,3
DA:74,35
DA:77,35
DA:78,35
DA:79,35
DA:80,35
DA:81,35
DA:82,35
DA:87,33
DA:92,0
DA:96,128
DA:105,16
DA:106,8
DA:111,8
DA:112,1
DA:116,7
DA:117,7
DA:118,14
DA:121,7
DA:129,7
DA:131,7
DA:132,14
DA:133,14
DA:134,14
DA:135,14
DA:146,7
DA:152,7
DA:153,1
DA:156,6
DA:157,6
DA:158,6
DA:161,6
DA:169,6
DA:170,1
DA:174,5
DA:176,5
DA:205,5
DA:206,0
DA:209,5
DA:212,10
DA:217,5
DA:220,5
DA:223,5
DA:231,5
DA:234,5
DA:240,5
DA:242,5
DA:250,4
DA:256,4
DA:257,1
DA:258,1
DA:262,3
DA:263,1
DA:267,2
DA:276,2
DA:277,1
DA:281,2
DA:282,2
DA:290,2
DA:297,7
DA:298,7
DA:299,7
DA:300,7
DA:301,1
DA:310,5
DA:313,4
DA:319,4
DA:320,0
DA:324,4
DA:330,4
DA:331,0
DA:334,4
DA:335,1
DA:339,3
DA:340,3
DA:341,3
DA:342,1
DA:346,3
DA:347,3
DA:355,3
DA:364,3
DA:365,3
DA:373,3
DA:384,1
DA:387,1
DA:396,1
DA:402,1
DA:404,1
DA:405,1
DA:409,1
DA:410,1
DA:418,1
DA:430,1
DA:432,1
DA:441,1
DA:447,1
DA:449,1
DA:455,1
DA:457,1
DA:459,0
DA:463,1
DA:471,1
DA:484,5
DA:490,5
DA:491,1
DA:494,4
DA:495,1
DA:499,3
DA:509,3
DA:515,3
DA:521,3
DA:523,3
DA:529,3
DA:530,3
DA:531,3
DA:533,3
DA:534,3
DA:538,2
DA:540,1
DA:553,1
DA:557,1
DA:565,1
DA:574,1
DA:577,2
DA:579,2
DA:583,2
DA:590,2
DA:606,1
DA:609,1
DA:617,1
DA:625,1
DA:631,1
DA:632,1
DA:633,1
DA:641,1
DA:653,1
DA:662,1
DA:668,1
DA:670,1
DA:671,1
DA:679,1
DA:682,1
DA:695,7
DA:701,7
DA:702,0
DA:705,7
DA:706,7
DA:707,1
DA:711,6
DA:712,6
DA:713,6
DA:716,6
DA:724,6
DA:726,5
DA:739,5
DA:740,5
DA:741,5
DA:746,5
DA:747,5
DA:750,5
DA:753,5
DA:754,4
DA:758,5
DA:759,4
DA:764,4
DA:768,5
DA:774,5
DA:775,5
DA:776,5
DA:785,6
DA:790,6
DA:791,1
DA:800,10
DA:801,5
DA:803,5
DA:808,5
DA:812,6
DA:813,2
DA:816,4
DA:817,4
DA:823,0
DA:824,0
DA:826,0
LF:185
LH:176
BRDA:82,0,0,2
BRDA:96,1,0,128
BRDA:96,1,1,11
BRDA:111,2,0,1
BRDA:111,3,0,8
BRDA:111,3,1,7
BRDA:111,3,2,7
BRDA:141,4,0,14
BRDA:141,4,1,14
BRDA:152,5,0,1
BRDA:152,6,0,7
BRDA:152,6,1,6
BRDA:156,7,0,6
BRDA:156,7,1,0
BRDA:166,8,0,0
BRDA:166,8,1,6
BRDA:169,9,0,1
BRDA:190,10,0,5
BRDA:190,10,1,0
BRDA:192,11,0,5
BRDA:192,11,1,0
BRDA:192,12,0,5
BRDA:192,12,1,5
BRDA:198,13,0,5
BRDA:198,13,1,0
BRDA:205,14,0,0
BRDA:205,15,0,5
BRDA:205,15,1,5
BRDA:256,16,0,1
BRDA:256,17,0,4
BRDA:256,17,1,3
BRDA:262,18,0,1
BRDA:276,19,0,1
BRDA:298,20,0,0
BRDA:300,21,0,1
BRDA:300,22,0,7
BRDA:300,22,1,7
BRDA:319,23,0,0
BRDA:319,24,0,4
BRDA:319,24,1,4
BRDA:330,25,0,0
BRDA:330,26,0,4
BRDA:330,26,1,4
BRDA:334,27,0,1
BRDA:339,28,0,3
BRDA:339,28,1,2
BRDA:341,29,0,1
BRDA:402,30,0,1
BRDA:404,31,0,1
BRDA:447,32,0,1
BRDA:455,33,0,1
BRDA:490,34,0,1
BRDA:490,35,0,5
BRDA:490,35,1,4
BRDA:494,36,0,1
BRDA:521,37,0,3
BRDA:529,38,0,3
BRDA:538,39,0,1
BRDA:538,39,1,1
BRDA:631,40,0,1
BRDA:668,41,0,1
BRDA:701,42,0,0
BRDA:701,43,0,7
BRDA:701,43,1,7
BRDA:706,44,0,1
BRDA:706,45,0,7
BRDA:706,45,1,6
BRDA:721,46,0,6
BRDA:721,46,1,0
BRDA:724,47,0,5
BRDA:731,48,0,5
BRDA:731,48,1,0
BRDA:753,49,0,4
BRDA:758,50,0,4
BRDA:774,51,0,5
BRDA:774,51,1,0
BRDA:787,52,0,5
BRDA:787,52,1,1
BRDA:790,53,0,1
BRDA:800,54,0,5
BRDA:800,54,1,5
BRDA:812,55,0,2
BRDA:816,56,0,4
BRDA:816,57,0,4
BRDA:816,57,1,4
BRDA:823,58,0,0
BRDA:823,59,0,0
BRDA:823,59,1,0
BRF:88
BRH:72
end_of_record
TN:
SF:src\services\paymentService.ts
FN:32,(anonymous_1)
FN:37,(anonymous_2)
FN:41,(anonymous_3)
FN:49,(anonymous_4)
FN:77,(anonymous_5)
FN:84,(anonymous_6)
FN:92,(anonymous_7)
FN:170,(anonymous_8)
FN:201,(anonymous_9)
FN:271,(anonymous_10)
FNF:10
FNH:10
FNDA:26,(anonymous_1)
FNDA:18,(anonymous_2)
FNDA:26,(anonymous_3)
FNDA:8,(anonymous_4)
FNDA:13,(anonymous_5)
FNDA:9,(anonymous_6)
FNDA:13,(anonymous_7)
FNDA:7,(anonymous_8)
FNDA:7,(anonymous_9)
FNDA:4,(anonymous_10)
DA:1,4
DA:2,4
DA:4,4
DA:5,4
DA:26,4
DA:28,26
DA:29,26
DA:30,26
DA:33,26
DA:38,18
DA:42,26
DA:50,8
DA:51,0
DA:54,8
DA:55,8
DA:57,8
DA:58,0
DA:61,8
DA:66,8
DA:68,8
DA:70,8
DA:78,13
DA:85,9
DA:94,13
DA:95,4
DA:102,9
DA:103,4
DA:109,5
DA:110,5
DA:113,5
DA:115,5
DA:132,4
DA:133,4
DA:136,4
DA:137,4
DA:148,0
DA:151,4
DA:158,1
DA:159,1
DA:171,7
DA:172,1
DA:175,6
DA:176,6
DA:177,0
DA:178,0
DA:181,6
DA:186,6
DA:187,0
DA:190,6
DA:202,7
DA:203,7
DA:204,1
DA:207,6
DA:208,6
DA:209,6
DA:211,6
DA:212,0
DA:215,6
DA:217,6
DA:223,6
DA:224,1
DA:231,5
DA:232,5
DA:242,5
DA:244,5
DA:249,5
DA:255,5
DA:260,0
DA:272,4
DA:273,4
DA:279,4
DA:280,1
DA:281,1
DA:284,3
DA:285,3
DA:286,3
DA:302,2
DA:303,2
DA:307,2
DA:310,0
DA:314,0
DA:316,1
DA:317,1
DA:323,4
LF:84
LH:74
BRDA:33,0,0,26
BRDA:33,0,1,3
BRDA:42,1,0,26
BRDA:42,1,1,0
BRDA:50,2,0,0
BRDA:50,3,0,8
BRDA:50,3,1,0
BRDA:57,4,0,0
BRDA:57,5,0,8
BRDA:57,5,1,8
BRDA:85,6,0,9
BRDA:85,6,1,7
BRDA:94,7,0,4
BRDA:102,8,0,4
BRDA:132,9,0,4
BRDA:132,9,1,0
BRDA:133,10,0,4
BRDA:133,10,1,0
BRDA:144,11,0,4
BRDA:144,11,1,2
BRDA:158,12,0,1
BRDA:158,12,1,1
BRDA:158,12,2,0
BRDA:171,13,0,1
BRDA:176,14,0,0
BRDA:186,15,0,0
BRDA:203,16,0,1
BRDA:211,17,0,0
BRDA:223,18,0,1
BRDA:223,19,0,6
BRDA:223,19,1,5
BRDA:231,20,0,4
BRDA:231,20,1,1
BRDA:242,21,0,5
BRDA:244,22,0,4
BRDA:244,22,1,1
BRDA:245,23,0,1
BRDA:245,23,1,3
BRDA:279,24,0,1
BRDA:279,25,0,4
BRDA:279,25,1,3
BRDA:302,26,0,2
BRDA:302,27,0,2
BRDA:302,27,1,2
BRF:44
BRH:34
end_of_record
TN:
SF:src\services\routingService.ts
FN:12,(anonymous_1)
FNF:1
FNH:1
FNDA:1,(anonymous_1)
DA:1,2
DA:9,2
DA:10,4
DA:18,1
DA:20,0
DA:21,0
DA:33,0
DA:34,0
DA:36,0
DA:42,0
LF:10
LH:4
BRDA:18,0,0,1
BRDA:34,1,0,0
BRF:2
BRH:1
end_of_record
TN:
SF:src\services\timeoutService.ts
FN:10,(anonymous_1)
FN:19,(anonymous_2)
FN:29,(anonymous_3)
FN:39,addDelayedJob
FNF:4
FNH:0
FNDA:0,(anonymous_1)
FNDA:0,(anonymous_2)
FNDA:0,(anonymous_3)
FNDA:0,addDelayedJob
DA:1,2
DA:2,2
DA:7,2
DA:9,2
DA:11,0
DA:16,0
DA:20,0
DA:21,0
DA:22,0
DA:23,0
DA:24,0
DA:30,0
DA:35,0
DA:39,2
DA:40,0
DA:43,2
LF:16
LH:6
BRDA:7,0,0,2
BRDA:7,0,1,1
BRDA:16,1,0,0
BRDA:16,1,1,0
BRDA:22,2,0,0
BRDA:22,3,0,0
BRDA:22,3,1,0
BRDA:35,4,0,0
BRDA:35,4,1,0
BRF:9
BRH:2
end_of_record
